2020-12-10 16:55:04,659 INFO o.s.b.l.DeferredLog [restartedMain] The Class-Path manifest attribute in C:\Users\S063912\.m2\repository\org\glassfish\jaxb\jaxb-runtime\2.3.2\jaxb-runtime-2.3.2.jar referenced one or more files that do not exist: file:/C:/Users/S063912/.m2/repository/org/glassfish/jaxb/jaxb-runtime/2.3.2/jakarta.xml.bind-api-2.3.2.jar,file:/C:/Users/S063912/.m2/repository/org/glassfish/jaxb/jaxb-runtime/2.3.2/txw2-2.3.2.jar,file:/C:/Users/S063912/.m2/repository/org/glassfish/jaxb/jaxb-runtime/2.3.2/istack-commons-runtime-3.0.8.jar,file:/C:/Users/S063912/.m2/repository/org/glassfish/jaxb/jaxb-runtime/2.3.2/stax-ex-1.8.1.jar,file:/C:/Users/S063912/.m2/repository/org/glassfish/jaxb/jaxb-runtime/2.3.2/FastInfoset-1.2.16.jar,file:/C:/Users/S063912/.m2/repository/org/glassfish/jaxb/jaxb-runtime/2.3.2/jakarta.activation-api-1.2.1.jar
2020-12-10 16:55:04,659 INFO o.s.b.l.DeferredLog [restartedMain] The Class-Path manifest attribute in C:\Users\S063912\.m2\repository\com\github\spotbugs\spotbugs\3.1.12\spotbugs-3.1.12.jar referenced one or more files that do not exist: file:/C:/Users/S063912/.m2/repository/com/github/spotbugs/spotbugs/3.1.12/asm-commons-7.0.jar,file:/C:/Users/S063912/.m2/repository/com/github/spotbugs/spotbugs/3.1.12/asm-util-7.0.jar,file:/C:/Users/S063912/.m2/repository/com/github/spotbugs/spotbugs/3.1.12/asm-analysis-7.0.jar,file:/C:/Users/S063912/.m2/repository/com/github/spotbugs/spotbugs/3.1.12/asm-tree-7.0.jar,file:/C:/Users/S063912/.m2/repository/com/github/spotbugs/spotbugs/3.1.12/asm-7.0.jar,file:/C:/Users/S063912/.m2/repository/com/github/spotbugs/spotbugs/3.1.12/bcel-6.3.jar,file:/C:/Users/S063912/.m2/repository/com/github/spotbugs/spotbugs/3.1.12/jcip-annotations-1.0.jar,file:/C:/Users/S063912/.m2/repository/com/github/spotbugs/spotbugs/3.1.12/dom4j-2.1.1.jar,file:/C:/Users/S063912/.m2/repository/com/github/spotbugs/spotbugs/3.1.12/jaxen-1.1.6.jar,file:/C:/Users/S063912/.m2/repository/com/github/spotbugs/spotbugs/3.1.12/commons-lang-2.6.jar,file:/C:/Users/S063912/.m2/repository/com/github/spotbugs/spotbugs/3.1.12/slf4j-api-1.8.0-beta2.jar,file:/C:/Users/S063912/.m2/repository/com/github/spotbugs/spotbugs/3.1.12/spotbugs-annotations.jar,file:/C:/Users/S063912/.m2/repository/com/github/spotbugs/spotbugs/3.1.12/jsr305-3.0.2.jar,file:/C:/Users/S063912/.m2/repository/com/github/spotbugs/spotbugs/3.1.12/log4j-slf4j18-impl-2.11.1.jar,file:/C:/Users/S063912/.m2/repository/com/github/spotbugs/spotbugs/3.1.12/slf4j-api-1.8.0-alpha2.jar,file:/C:/Users/S063912/.m2/repository/com/github/spotbugs/spotbugs/3.1.12/log4j-core-2.11.1.jar,file:/C:/Users/S063912/.m2/repository/com/github/spotbugs/spotbugs/3.1.12/log4j-api-2.11.1.jar,file:/C:/Users/S063912/.m2/repository/com/github/spotbugs/spotbugs/3.1.12/config/
2020-12-10 16:55:04,659 INFO o.s.b.l.DeferredLog [restartedMain] Devtools property defaults active! Set 'spring.devtools.add-properties' to 'false' to disable
2020-12-10 16:55:04,890 INFO c.u.j.c.EnableEncryptablePropertiesBeanFactoryPostProcessor [restartedMain] Post-processing PropertySource instances
2020-12-10 16:55:04,943 INFO c.u.j.EncryptablePropertySourceConverter [restartedMain] Converting PropertySource configurationProperties [org.springframework.boot.context.properties.source.ConfigurationPropertySourcesPropertySource] to AOP Proxy
2020-12-10 16:55:04,943 INFO c.u.j.EncryptablePropertySourceConverter [restartedMain] Converting PropertySource bootstrap [org.springframework.core.env.MapPropertySource] to EncryptableMapPropertySourceWrapper
2020-12-10 16:55:04,943 INFO c.u.j.EncryptablePropertySourceConverter [restartedMain] Converting PropertySource systemProperties [org.springframework.core.env.PropertiesPropertySource] to EncryptableMapPropertySourceWrapper
2020-12-10 16:55:04,943 INFO c.u.j.EncryptablePropertySourceConverter [restartedMain] Converting PropertySource systemEnvironment [org.springframework.boot.env.SystemEnvironmentPropertySourceEnvironmentPostProcessor$OriginAwareSystemEnvironmentPropertySource] to EncryptableSystemEnvironmentPropertySourceWrapper
2020-12-10 16:55:04,943 INFO c.u.j.EncryptablePropertySourceConverter [restartedMain] Converting PropertySource random [org.springframework.boot.env.RandomValuePropertySource] to EncryptablePropertySourceWrapper
2020-12-10 16:55:04,943 INFO c.u.j.EncryptablePropertySourceConverter [restartedMain] Converting PropertySource springCloudClientHostInfo [org.springframework.core.env.MapPropertySource] to EncryptableMapPropertySourceWrapper
2020-12-10 16:55:04,943 INFO c.u.j.EncryptablePropertySourceConverter [restartedMain] Converting PropertySource devtools [org.springframework.core.env.MapPropertySource] to EncryptableMapPropertySourceWrapper
2020-12-10 16:55:04,975 INFO c.u.j.f.DefaultLazyPropertyFilter [restartedMain] Property Filter custom Bean not found with name 'encryptablePropertyFilter'. Initializing Default Property Filter
2020-12-10 16:55:04,991 INFO c.u.j.r.DefaultLazyPropertyResolver [restartedMain] Property Resolver custom Bean not found with name 'encryptablePropertyResolver'. Initializing Default Property Resolver
2020-12-10 16:55:04,991 INFO c.u.j.d.DefaultLazyPropertyDetector [restartedMain] Property Detector custom Bean not found with name 'encryptablePropertyDetector'. Initializing Default Property Detector
2020-12-10 16:55:05,560 INFO o.s.b.SpringApplication [restartedMain] No active profile set, falling back to default profiles: default
2020-12-10 16:55:06,462 INFO o.s.d.r.c.RepositoryConfigurationDelegate [restartedMain] Bootstrapping Spring Data JPA repositories in DEFAULT mode.
2020-12-10 16:55:06,540 INFO o.s.d.r.c.RepositoryConfigurationDelegate [restartedMain] Finished Spring Data repository scanning in 67ms. Found 2 JPA repository interfaces.
2020-12-10 16:55:06,694 INFO o.s.c.c.s.GenericScope [restartedMain] BeanFactory id=19069610-bdf8-34a5-9522-485ca2fd74e8
2020-12-10 16:55:06,694 INFO c.u.j.c.EnableEncryptablePropertiesBeanFactoryPostProcessor [restartedMain] Post-processing PropertySource instances
2020-12-10 16:55:06,710 INFO c.u.j.EncryptablePropertySourceConverter [restartedMain] Converting PropertySource configurationProperties [org.springframework.boot.context.properties.source.ConfigurationPropertySourcesPropertySource] to AOP Proxy
2020-12-10 16:55:06,710 INFO c.u.j.EncryptablePropertySourceConverter [restartedMain] Converting PropertySource servletConfigInitParams [org.springframework.core.env.PropertySource$StubPropertySource] to EncryptablePropertySourceWrapper
2020-12-10 16:55:06,710 INFO c.u.j.EncryptablePropertySourceConverter [restartedMain] Converting PropertySource servletContextInitParams [org.springframework.core.env.PropertySource$StubPropertySource] to EncryptablePropertySourceWrapper
2020-12-10 16:55:06,710 INFO c.u.j.EncryptablePropertySourceConverter [restartedMain] Converting PropertySource systemProperties [org.springframework.core.env.PropertiesPropertySource] to EncryptableMapPropertySourceWrapper
2020-12-10 16:55:06,710 INFO c.u.j.EncryptablePropertySourceConverter [restartedMain] Converting PropertySource systemEnvironment [org.springframework.boot.env.SystemEnvironmentPropertySourceEnvironmentPostProcessor$OriginAwareSystemEnvironmentPropertySource] to EncryptableSystemEnvironmentPropertySourceWrapper
2020-12-10 16:55:06,710 INFO c.u.j.EncryptablePropertySourceConverter [restartedMain] Converting PropertySource random [org.springframework.boot.env.RandomValuePropertySource] to EncryptablePropertySourceWrapper
2020-12-10 16:55:06,710 INFO c.u.j.EncryptablePropertySourceConverter [restartedMain] Converting PropertySource springCloudClientHostInfo [org.springframework.core.env.MapPropertySource] to EncryptableMapPropertySourceWrapper
2020-12-10 16:55:06,710 INFO c.u.j.EncryptablePropertySourceConverter [restartedMain] Converting PropertySource applicationConfig: [classpath:/application.properties] [org.springframework.boot.env.OriginTrackedMapPropertySource] to EncryptableMapPropertySourceWrapper
2020-12-10 16:55:06,710 INFO c.u.j.EncryptablePropertySourceConverter [restartedMain] Converting PropertySource devtools [org.springframework.core.env.MapPropertySource] to EncryptableMapPropertySourceWrapper
2020-12-10 16:55:06,710 INFO c.u.j.EncryptablePropertySourceConverter [restartedMain] Converting PropertySource springCloudDefaultProperties [org.springframework.core.env.MapPropertySource] to EncryptableMapPropertySourceWrapper
2020-12-10 16:55:06,710 INFO c.u.j.EncryptablePropertySourceConverter [restartedMain] Converting PropertySource cachedrandom [org.springframework.cloud.util.random.CachedRandomPropertySource] to EncryptablePropertySourceWrapper
2020-12-10 16:55:06,810 INFO c.u.j.f.DefaultLazyPropertyFilter [restartedMain] Property Filter custom Bean not found with name 'encryptablePropertyFilter'. Initializing Default Property Filter
2020-12-10 16:55:06,848 INFO o.s.c.s.PostProcessorRegistrationDelegate$BeanPostProcessorChecker [restartedMain] Bean 'org.springframework.security.config.annotation.configuration.ObjectPostProcessorConfiguration' of type [org.springframework.security.config.annotation.configuration.ObjectPostProcessorConfiguration] is not eligible for getting processed by all BeanPostProcessors (for example: not eligible for auto-proxying)
2020-12-10 16:55:06,848 INFO o.s.c.s.PostProcessorRegistrationDelegate$BeanPostProcessorChecker [restartedMain] Bean 'objectPostProcessor' of type [org.springframework.security.config.annotation.configuration.AutowireBeanFactoryObjectPostProcessor] is not eligible for getting processed by all BeanPostProcessors (for example: not eligible for auto-proxying)
2020-12-10 16:55:06,848 INFO o.s.c.s.PostProcessorRegistrationDelegate$BeanPostProcessorChecker [restartedMain] Bean 'org.springframework.security.access.expression.method.DefaultMethodSecurityExpressionHandler@55a7a417' of type [org.springframework.security.access.expression.method.DefaultMethodSecurityExpressionHandler] is not eligible for getting processed by all BeanPostProcessors (for example: not eligible for auto-proxying)
2020-12-10 16:55:06,848 INFO o.s.c.s.PostProcessorRegistrationDelegate$BeanPostProcessorChecker [restartedMain] Bean 'org.springframework.security.config.annotation.method.configuration.GlobalMethodSecurityConfiguration' of type [org.springframework.security.config.annotation.method.configuration.GlobalMethodSecurityConfiguration] is not eligible for getting processed by all BeanPostProcessors (for example: not eligible for auto-proxying)
2020-12-10 16:55:06,863 INFO o.s.c.s.PostProcessorRegistrationDelegate$BeanPostProcessorChecker [restartedMain] Bean 'methodSecurityMetadataSource' of type [org.springframework.security.access.method.DelegatingMethodSecurityMetadataSource] is not eligible for getting processed by all BeanPostProcessors (for example: not eligible for auto-proxying)
2020-12-10 16:55:06,926 INFO c.u.j.r.DefaultLazyPropertyResolver [restartedMain] Property Resolver custom Bean not found with name 'encryptablePropertyResolver'. Initializing Default Property Resolver
2020-12-10 16:55:06,926 INFO c.u.j.d.DefaultLazyPropertyDetector [restartedMain] Property Detector custom Bean not found with name 'encryptablePropertyDetector'. Initializing Default Property Detector
2020-12-10 16:55:07,650 INFO o.s.b.w.e.t.TomcatWebServer [restartedMain] Tomcat initialized with port(s): 8047 (http)
2020-12-10 16:55:07,650 INFO o.a.j.l.DirectJDKLog [restartedMain] Initializing ProtocolHandler ["http-nio-8047"]
2020-12-10 16:55:07,650 INFO o.a.j.l.DirectJDKLog [restartedMain] Starting service [Tomcat]
2020-12-10 16:55:07,650 INFO o.a.j.l.DirectJDKLog [restartedMain] Starting Servlet engine: [Apache Tomcat/9.0.31]
2020-12-10 16:55:08,515 INFO o.a.j.l.DirectJDKLog [restartedMain] Initializing Spring embedded WebApplicationContext
2020-12-10 16:55:08,515 INFO o.s.b.w.s.c.ServletWebServerApplicationContext [restartedMain] Root WebApplicationContext: initialization completed in 2924 ms
2020-12-10 16:55:08,584 INFO c.u.j.e.DefaultLazyEncryptor [restartedMain] String Encryptor custom Bean not found with name 'jasyptStringEncryptor'. Initializing Default String Encryptor
2020-12-10 16:55:08,584 INFO c.u.j.e.DefaultLazyEncryptor [restartedMain] Encryptor config not found for property jasypt.encryptor.key-obtention-iterations, using default value: 1000
2020-12-10 16:55:08,584 INFO c.u.j.e.DefaultLazyEncryptor [restartedMain] Encryptor config not found for property jasypt.encryptor.pool-size, using default value: 1
2020-12-10 16:55:08,584 INFO c.u.j.e.DefaultLazyEncryptor [restartedMain] Encryptor config not found for property jasypt.encryptor.provider-name, using default value: null
2020-12-10 16:55:08,584 INFO c.u.j.e.DefaultLazyEncryptor [restartedMain] Encryptor config not found for property jasypt.encryptor.provider-class-name, using default value: null
2020-12-10 16:55:08,584 INFO c.u.j.e.DefaultLazyEncryptor [restartedMain] Encryptor config not found for property jasypt.encryptor.salt-generator-classname, using default value: org.jasypt.salt.RandomSaltGenerator
2020-12-10 16:55:08,584 INFO c.u.j.e.DefaultLazyEncryptor [restartedMain] Encryptor config not found for property jasypt.encryptor.iv-generator-classname, using default value: org.jasypt.iv.NoIvGenerator
2020-12-10 16:55:09,048 INFO c.z.h.HikariDataSource [restartedMain] HikariPool-1 - Starting...
2020-12-10 16:55:09,201 INFO c.z.h.HikariDataSource [restartedMain] HikariPool-1 - Start completed.
2020-12-10 16:55:09,201 INFO o.s.b.a.h.H2ConsoleAutoConfiguration [restartedMain] H2 console available at '/h2-console'. Database available at 'jdbc:mysql://localhost:3306/p9ocr?zeroDateTimeBehavior=CONVERT_TO_NULL&serverTimezone=Europe/Paris'
2020-12-10 16:55:09,332 INFO o.h.j.i.u.LogHelper [restartedMain] HHH000204: Processing PersistenceUnitInfo [name: default]
2020-12-10 16:55:09,401 INFO o.h.Version [restartedMain] HHH000412: Hibernate ORM core version 5.4.12.Final
2020-12-10 16:55:09,502 INFO o.h.a.c.r.j.JavaReflectionManager [restartedMain] HCANN000001: Hibernate Commons Annotations {5.1.0.Final}
2020-12-10 16:55:09,602 INFO o.h.d.Dialect [restartedMain] HHH000400: Using dialect: org.hibernate.dialect.MySQL8Dialect
2020-12-10 16:55:10,150 INFO o.h.e.t.j.p.i.JtaPlatformInitiator [restartedMain] HHH000490: Using JtaPlatform implementation: [org.hibernate.engine.transaction.jta.platform.internal.NoJtaPlatform]
2020-12-10 16:55:10,150 INFO o.s.o.j.AbstractEntityManagerFactoryBean [restartedMain] Initialized JPA EntityManagerFactory for persistence unit 'default'
2020-12-10 16:55:10,173 WARN o.s.b.d.a.OptionalLiveReloadServer [restartedMain] Unable to start LiveReload server
2020-12-10 16:55:10,221 WARN o.s.b.a.o.j.JpaBaseConfiguration$JpaWebConfiguration [restartedMain] spring.jpa.open-in-view is enabled by default. Therefore, database queries may be performed during view rendering. Explicitly configure spring.jpa.open-in-view to disable this warning
2020-12-10 16:55:10,873 INFO o.s.s.w.DefaultSecurityFilterChain [restartedMain] Creating filter chain: any request, [org.springframework.security.web.context.request.async.WebAsyncManagerIntegrationFilter@4a655c46, org.springframework.security.web.context.SecurityContextPersistenceFilter@bf25c77, org.springframework.security.web.header.HeaderWriterFilter@1be19e1e, org.springframework.security.web.csrf.CsrfFilter@7e210499, org.springframework.security.web.authentication.logout.LogoutFilter@335cdb3f, org.springframework.security.web.authentication.UsernamePasswordAuthenticationFilter@188ace20, org.springframework.security.web.authentication.ui.DefaultLoginPageGeneratingFilter@2a36db09, org.springframework.security.web.authentication.ui.DefaultLogoutPageGeneratingFilter@6a501fb2, org.springframework.security.web.savedrequest.RequestCacheAwareFilter@4b8d62e4, org.springframework.security.web.servletapi.SecurityContextHolderAwareRequestFilter@5e264e2b, org.springframework.security.web.authentication.AnonymousAuthenticationFilter@438ee317, org.springframework.security.web.session.SessionManagementFilter@3a25ecc6, org.springframework.security.web.access.ExceptionTranslationFilter@1a29ab86, org.springframework.security.web.access.intercept.FilterSecurityInterceptor@75758d98]
2020-12-10 16:55:10,889 WARN o.s.c.n.a.ArchaiusAutoConfiguration [restartedMain] No spring.application.name found, defaulting to 'application'
2020-12-10 16:55:10,889 WARN c.n.c.s.URLConfigurationSource [restartedMain] No URLs will be polled as dynamic configuration sources.
2020-12-10 16:55:10,889 INFO c.n.c.s.URLConfigurationSource [restartedMain] To enable URLs as dynamic configuration sources, define System property archaius.configurationSource.additionalUrls or make config.properties available on classpath.
2020-12-10 16:55:10,889 WARN c.n.c.s.URLConfigurationSource [restartedMain] No URLs will be polled as dynamic configuration sources.
2020-12-10 16:55:10,889 INFO c.n.c.s.URLConfigurationSource [restartedMain] To enable URLs as dynamic configuration sources, define System property archaius.configurationSource.additionalUrls or make config.properties available on classpath.
2020-12-10 16:55:11,005 INFO o.s.s.c.ExecutorConfigurationSupport [restartedMain] Initializing ExecutorService 'applicationTaskExecutor'
2020-12-10 16:55:12,239 INFO o.a.j.l.DirectJDKLog [restartedMain] Starting ProtocolHandler ["http-nio-8047"]
2020-12-10 16:55:12,261 INFO o.s.b.w.e.t.TomcatWebServer [restartedMain] Tomcat started on port(s): 8047 (http) with context path ''
2020-12-10 16:55:13,642 INFO o.s.b.w.e.t.TomcatWebServer [restartedMain] Tomcat initialized with port(s): 8048 (http)
2020-12-10 16:55:13,642 INFO o.a.j.l.DirectJDKLog [restartedMain] Initializing ProtocolHandler ["http-nio-8048"]
2020-12-10 16:55:13,642 INFO o.a.j.l.DirectJDKLog [restartedMain] Starting service [Tomcat]
2020-12-10 16:55:13,642 INFO o.a.j.l.DirectJDKLog [restartedMain] Starting Servlet engine: [Apache Tomcat/9.0.31]
2020-12-10 16:55:14,065 INFO o.a.j.l.DirectJDKLog [restartedMain] Initializing Spring embedded WebApplicationContext
2020-12-10 16:55:14,065 INFO o.s.b.w.s.c.ServletWebServerApplicationContext [restartedMain] Root WebApplicationContext: initialization completed in 1325 ms
2020-12-10 16:55:14,081 INFO o.s.b.a.e.w.EndpointLinksResolver [restartedMain] Exposing 2 endpoint(s) beneath base path '/actuator'
2020-12-10 16:55:14,114 INFO o.a.j.l.DirectJDKLog [restartedMain] Starting ProtocolHandler ["http-nio-8048"]
2020-12-10 16:55:14,129 INFO o.s.b.w.e.t.TomcatWebServer [restartedMain] Tomcat started on port(s): 8048 (http) with context path ''
2020-12-10 16:55:14,598 INFO o.s.b.StartupInfoLogger [restartedMain] Started MedicalFrontApplication in 10.918 seconds (JVM running for 14.454)
2020-12-10 16:55:15,115 INFO o.a.j.l.DirectJDKLog [RMI TCP Connection(1)-10.212.214.141] Initializing Spring DispatcherServlet 'dispatcherServlet'
2020-12-10 16:55:15,115 INFO o.s.w.s.FrameworkServlet [RMI TCP Connection(1)-10.212.214.141] Initializing Servlet 'dispatcherServlet'
2020-12-10 16:55:15,130 INFO o.s.w.s.FrameworkServlet [RMI TCP Connection(1)-10.212.214.141] Completed initialization in 15 ms
2020-12-10 16:55:29,388 INFO c.o.p.s.MyAppUserDetailsService [http-nio-8047-exec-10] loadUserByUsername : admin
2020-12-10 16:55:29,541 INFO c.o.p.c.PatientController [http-nio-8047-exec-4] patients displayed
2020-12-10 16:55:34,683 INFO c.o.p.c.PatientController [http-nio-8047-exec-7] patients displayed
2020-12-10 16:55:44,899 INFO c.o.p.c.PatientController [http-nio-8047-exec-3] patient get for update
2020-12-10 16:55:49,271 INFO c.o.p.c.PatientController [http-nio-8047-exec-6] patient updated
2020-12-10 16:55:49,286 INFO c.o.p.c.PatientController [http-nio-8047-exec-5] patients displayed
