2020-07-22 20:58:24,650 INFO o.s.b.StartupInfoLogger [restartedMain] Starting PoseidonApplication on PO480126VW7JAV with PID 4728 (C:\Users\S063912\git\p7_ocr\target\classes started by S063912 in C:\Users\S063912\git\p7_ocr)
2020-07-22 20:58:24,682 INFO o.s.b.SpringApplication [restartedMain] No active profile set, falling back to default profiles: default
2020-07-22 20:58:25,572 INFO o.s.b.l.DeferredLog [restartedMain] The Class-Path manifest attribute in C:\Users\S063912\.m2\repository\org\glassfish\jaxb\jaxb-runtime\2.3.2\jaxb-runtime-2.3.2.jar referenced one or more files that do not exist: file:/C:/Users/S063912/.m2/repository/org/glassfish/jaxb/jaxb-runtime/2.3.2/jakarta.xml.bind-api-2.3.2.jar,file:/C:/Users/S063912/.m2/repository/org/glassfish/jaxb/jaxb-runtime/2.3.2/txw2-2.3.2.jar,file:/C:/Users/S063912/.m2/repository/org/glassfish/jaxb/jaxb-runtime/2.3.2/istack-commons-runtime-3.0.8.jar,file:/C:/Users/S063912/.m2/repository/org/glassfish/jaxb/jaxb-runtime/2.3.2/stax-ex-1.8.1.jar,file:/C:/Users/S063912/.m2/repository/org/glassfish/jaxb/jaxb-runtime/2.3.2/FastInfoset-1.2.16.jar,file:/C:/Users/S063912/.m2/repository/org/glassfish/jaxb/jaxb-runtime/2.3.2/jakarta.activation-api-1.2.1.jar
2020-07-22 20:58:25,588 INFO o.s.b.l.DeferredLog [restartedMain] The Class-Path manifest attribute in C:\Users\S063912\.m2\repository\com\github\spotbugs\spotbugs\3.1.12\spotbugs-3.1.12.jar referenced one or more files that do not exist: file:/C:/Users/S063912/.m2/repository/com/github/spotbugs/spotbugs/3.1.12/asm-commons-7.0.jar,file:/C:/Users/S063912/.m2/repository/com/github/spotbugs/spotbugs/3.1.12/asm-util-7.0.jar,file:/C:/Users/S063912/.m2/repository/com/github/spotbugs/spotbugs/3.1.12/asm-analysis-7.0.jar,file:/C:/Users/S063912/.m2/repository/com/github/spotbugs/spotbugs/3.1.12/asm-tree-7.0.jar,file:/C:/Users/S063912/.m2/repository/com/github/spotbugs/spotbugs/3.1.12/asm-7.0.jar,file:/C:/Users/S063912/.m2/repository/com/github/spotbugs/spotbugs/3.1.12/bcel-6.3.jar,file:/C:/Users/S063912/.m2/repository/com/github/spotbugs/spotbugs/3.1.12/jcip-annotations-1.0.jar,file:/C:/Users/S063912/.m2/repository/com/github/spotbugs/spotbugs/3.1.12/dom4j-2.1.1.jar,file:/C:/Users/S063912/.m2/repository/com/github/spotbugs/spotbugs/3.1.12/jaxen-1.1.6.jar,file:/C:/Users/S063912/.m2/repository/com/github/spotbugs/spotbugs/3.1.12/commons-lang-2.6.jar,file:/C:/Users/S063912/.m2/repository/com/github/spotbugs/spotbugs/3.1.12/slf4j-api-1.8.0-beta2.jar,file:/C:/Users/S063912/.m2/repository/com/github/spotbugs/spotbugs/3.1.12/spotbugs-annotations.jar,file:/C:/Users/S063912/.m2/repository/com/github/spotbugs/spotbugs/3.1.12/jsr305-3.0.2.jar,file:/C:/Users/S063912/.m2/repository/com/github/spotbugs/spotbugs/3.1.12/log4j-slf4j18-impl-2.11.1.jar,file:/C:/Users/S063912/.m2/repository/com/github/spotbugs/spotbugs/3.1.12/slf4j-api-1.8.0-alpha2.jar,file:/C:/Users/S063912/.m2/repository/com/github/spotbugs/spotbugs/3.1.12/log4j-core-2.11.1.jar,file:/C:/Users/S063912/.m2/repository/com/github/spotbugs/spotbugs/3.1.12/log4j-api-2.11.1.jar,file:/C:/Users/S063912/.m2/repository/com/github/spotbugs/spotbugs/3.1.12/config/
2020-07-22 20:58:25,588 INFO o.s.b.l.DeferredLog [restartedMain] Devtools property defaults active! Set 'spring.devtools.add-properties' to 'false' to disable
2020-07-22 20:58:25,588 INFO o.s.b.l.DeferredLog [restartedMain] For additional web related logging consider setting the 'logging.level.web' property to 'DEBUG'
2020-07-22 20:58:28,400 INFO o.s.d.r.c.RepositoryConfigurationDelegate [restartedMain] Bootstrapping Spring Data JPA repositories in DEFAULT mode.
2020-07-22 20:58:28,650 INFO o.s.d.r.c.RepositoryConfigurationDelegate [restartedMain] Finished Spring Data repository scanning in 228ms. Found 6 JPA repository interfaces.
2020-07-22 20:58:29,338 INFO c.u.j.c.EnableEncryptablePropertiesBeanFactoryPostProcessor [restartedMain] Post-processing PropertySource instances
2020-07-22 20:58:29,557 INFO c.u.j.EncryptablePropertySourceConverter [restartedMain] Converting PropertySource configurationProperties [org.springframework.boot.context.properties.source.ConfigurationPropertySourcesPropertySource] to AOP Proxy
2020-07-22 20:58:29,572 INFO c.u.j.EncryptablePropertySourceConverter [restartedMain] Converting PropertySource servletConfigInitParams [org.springframework.core.env.PropertySource$StubPropertySource] to EncryptablePropertySourceWrapper
2020-07-22 20:58:29,572 INFO c.u.j.EncryptablePropertySourceConverter [restartedMain] Converting PropertySource servletContextInitParams [org.springframework.core.env.PropertySource$StubPropertySource] to EncryptablePropertySourceWrapper
2020-07-22 20:58:29,572 INFO c.u.j.EncryptablePropertySourceConverter [restartedMain] Converting PropertySource systemProperties [org.springframework.core.env.PropertiesPropertySource] to EncryptableMapPropertySourceWrapper
2020-07-22 20:58:29,572 INFO c.u.j.EncryptablePropertySourceConverter [restartedMain] Converting PropertySource systemEnvironment [org.springframework.boot.env.SystemEnvironmentPropertySourceEnvironmentPostProcessor$OriginAwareSystemEnvironmentPropertySource] to EncryptableSystemEnvironmentPropertySourceWrapper
2020-07-22 20:58:29,572 INFO c.u.j.EncryptablePropertySourceConverter [restartedMain] Converting PropertySource random [org.springframework.boot.env.RandomValuePropertySource] to EncryptablePropertySourceWrapper
2020-07-22 20:58:29,572 INFO c.u.j.EncryptablePropertySourceConverter [restartedMain] Converting PropertySource applicationConfig: [classpath:/application.properties] [org.springframework.boot.env.OriginTrackedMapPropertySource] to EncryptableMapPropertySourceWrapper
2020-07-22 20:58:29,572 INFO c.u.j.EncryptablePropertySourceConverter [restartedMain] Converting PropertySource devtools [org.springframework.core.env.MapPropertySource] to EncryptableMapPropertySourceWrapper
2020-07-22 20:58:29,947 INFO c.u.j.f.DefaultLazyPropertyFilter [restartedMain] Property Filter custom Bean not found with name 'encryptablePropertyFilter'. Initializing Default Property Filter
2020-07-22 20:58:30,119 INFO o.s.c.s.PostProcessorRegistrationDelegate$BeanPostProcessorChecker [restartedMain] Bean 'org.springframework.security.config.annotation.configuration.ObjectPostProcessorConfiguration' of type [org.springframework.security.config.annotation.configuration.ObjectPostProcessorConfiguration] is not eligible for getting processed by all BeanPostProcessors (for example: not eligible for auto-proxying)
2020-07-22 20:58:30,119 INFO o.s.c.s.PostProcessorRegistrationDelegate$BeanPostProcessorChecker [restartedMain] Bean 'objectPostProcessor' of type [org.springframework.security.config.annotation.configuration.AutowireBeanFactoryObjectPostProcessor] is not eligible for getting processed by all BeanPostProcessors (for example: not eligible for auto-proxying)
2020-07-22 20:58:30,135 INFO o.s.c.s.PostProcessorRegistrationDelegate$BeanPostProcessorChecker [restartedMain] Bean 'org.springframework.security.access.expression.method.DefaultMethodSecurityExpressionHandler@2c6aef83' of type [org.springframework.security.access.expression.method.DefaultMethodSecurityExpressionHandler] is not eligible for getting processed by all BeanPostProcessors (for example: not eligible for auto-proxying)
2020-07-22 20:58:30,150 INFO o.s.c.s.PostProcessorRegistrationDelegate$BeanPostProcessorChecker [restartedMain] Bean 'org.springframework.security.config.annotation.method.configuration.GlobalMethodSecurityConfiguration' of type [org.springframework.security.config.annotation.method.configuration.GlobalMethodSecurityConfiguration] is not eligible for getting processed by all BeanPostProcessors (for example: not eligible for auto-proxying)
2020-07-22 20:58:30,166 INFO o.s.c.s.PostProcessorRegistrationDelegate$BeanPostProcessorChecker [restartedMain] Bean 'methodSecurityMetadataSource' of type [org.springframework.security.access.method.DelegatingMethodSecurityMetadataSource] is not eligible for getting processed by all BeanPostProcessors (for example: not eligible for auto-proxying)
2020-07-22 20:58:30,885 INFO c.u.j.r.DefaultLazyPropertyResolver [restartedMain] Property Resolver custom Bean not found with name 'encryptablePropertyResolver'. Initializing Default Property Resolver
2020-07-22 20:58:30,900 INFO c.u.j.d.DefaultLazyPropertyDetector [restartedMain] Property Detector custom Bean not found with name 'encryptablePropertyDetector'. Initializing Default Property Detector
2020-07-22 20:58:31,760 INFO o.s.b.w.e.t.TomcatWebServer [restartedMain] Tomcat initialized with port(s): 8045 (http)
2020-07-22 20:58:31,791 INFO o.a.j.l.DirectJDKLog [restartedMain] Initializing ProtocolHandler ["http-nio-8045"]
2020-07-22 20:58:31,791 INFO o.a.j.l.DirectJDKLog [restartedMain] Starting service [Tomcat]
2020-07-22 20:58:31,791 INFO o.a.j.l.DirectJDKLog [restartedMain] Starting Servlet engine: [Apache Tomcat/9.0.31]
2020-07-22 20:58:32,166 INFO o.a.j.l.DirectJDKLog [restartedMain] Initializing Spring embedded WebApplicationContext
2020-07-22 20:58:32,166 INFO o.s.b.w.s.c.ServletWebServerApplicationContext [restartedMain] Root WebApplicationContext: initialization completed in 6578 ms
2020-07-22 20:58:32,494 INFO c.u.j.e.DefaultLazyEncryptor [restartedMain] String Encryptor custom Bean not found with name 'jasyptStringEncryptor'. Initializing Default String Encryptor
2020-07-22 20:58:32,525 INFO c.u.j.e.DefaultLazyEncryptor [restartedMain] Encryptor config not found for property jasypt.encryptor.key-obtention-iterations, using default value: 1000
2020-07-22 20:58:32,525 INFO c.u.j.e.DefaultLazyEncryptor [restartedMain] Encryptor config not found for property jasypt.encryptor.pool-size, using default value: 1
2020-07-22 20:58:32,525 INFO c.u.j.e.DefaultLazyEncryptor [restartedMain] Encryptor config not found for property jasypt.encryptor.provider-name, using default value: null
2020-07-22 20:58:32,525 INFO c.u.j.e.DefaultLazyEncryptor [restartedMain] Encryptor config not found for property jasypt.encryptor.provider-class-name, using default value: null
2020-07-22 20:58:32,525 INFO c.u.j.e.DefaultLazyEncryptor [restartedMain] Encryptor config not found for property jasypt.encryptor.salt-generator-classname, using default value: org.jasypt.salt.RandomSaltGenerator
2020-07-22 20:58:32,525 INFO c.u.j.e.DefaultLazyEncryptor [restartedMain] Encryptor config not found for property jasypt.encryptor.iv-generator-classname, using default value: org.jasypt.iv.NoIvGenerator
2020-07-22 20:58:33,307 INFO c.z.h.HikariDataSource [restartedMain] HikariPool-1 - Starting...
2020-07-22 20:58:34,104 INFO c.z.h.HikariDataSource [restartedMain] HikariPool-1 - Start completed.
2020-07-22 20:58:34,119 INFO o.s.b.a.h.H2ConsoleAutoConfiguration [restartedMain] H2 console available at '/h2-console'. Database available at 'jdbc:mysql://localhost:3306/testp7?zeroDateTimeBehavior=CONVERT_TO_NULL&serverTimezone=Europe/Paris'
2020-07-22 20:58:34,557 INFO o.h.j.i.u.LogHelper [restartedMain] HHH000204: Processing PersistenceUnitInfo [name: default]
2020-07-22 20:58:34,744 INFO o.h.Version [restartedMain] HHH000412: Hibernate ORM core version 5.4.12.Final
2020-07-22 20:58:35,104 INFO o.h.a.c.r.j.JavaReflectionManager [restartedMain] HCANN000001: Hibernate Commons Annotations {5.1.0.Final}
2020-07-22 20:58:35,463 INFO o.h.d.Dialect [restartedMain] HHH000400: Using dialect: org.hibernate.dialect.MySQL8Dialect
2020-07-22 20:58:37,979 INFO o.h.e.t.j.p.i.JtaPlatformInitiator [restartedMain] HHH000490: Using JtaPlatform implementation: [org.hibernate.engine.transaction.jta.platform.internal.NoJtaPlatform]
2020-07-22 20:58:37,994 INFO o.s.o.j.AbstractEntityManagerFactoryBean [restartedMain] Initialized JPA EntityManagerFactory for persistence unit 'default'
2020-07-22 20:58:38,119 INFO o.s.b.d.a.OptionalLiveReloadServer [restartedMain] LiveReload server is running on port 35729
2020-07-22 20:58:38,275 WARN o.s.b.a.o.j.JpaBaseConfiguration$JpaWebConfiguration [restartedMain] spring.jpa.open-in-view is enabled by default. Therefore, database queries may be performed during view rendering. Explicitly configure spring.jpa.open-in-view to disable this warning
2020-07-22 20:58:40,650 INFO o.s.s.w.DefaultSecurityFilterChain [restartedMain] Creating filter chain: any request, [org.springframework.security.web.context.request.async.WebAsyncManagerIntegrationFilter@7e52fd14, org.springframework.security.web.context.SecurityContextPersistenceFilter@65b528a3, org.springframework.security.web.header.HeaderWriterFilter@3b81d819, org.springframework.security.web.csrf.CsrfFilter@72a16f4, org.springframework.security.web.authentication.logout.LogoutFilter@243852ce, org.springframework.security.web.authentication.UsernamePasswordAuthenticationFilter@1e686dfa, org.springframework.security.web.authentication.ui.DefaultLoginPageGeneratingFilter@b3c61cb, org.springframework.security.web.authentication.ui.DefaultLogoutPageGeneratingFilter@30686d2a, org.springframework.security.web.savedrequest.RequestCacheAwareFilter@bfc908a, org.springframework.security.web.servletapi.SecurityContextHolderAwareRequestFilter@337fe459, org.springframework.security.web.authentication.AnonymousAuthenticationFilter@12abee83, org.springframework.security.web.session.SessionManagementFilter@2c646f84, org.springframework.security.web.access.ExceptionTranslationFilter@34045db7, org.springframework.security.web.access.intercept.FilterSecurityInterceptor@c58f897]
2020-07-22 20:58:41,197 INFO o.s.s.c.ExecutorConfigurationSupport [restartedMain] Initializing ExecutorService 'applicationTaskExecutor'
2020-07-22 20:58:44,322 INFO o.a.j.l.DirectJDKLog [restartedMain] Starting ProtocolHandler ["http-nio-8045"]
2020-07-22 20:58:44,400 INFO o.s.b.w.e.t.TomcatWebServer [restartedMain] Tomcat started on port(s): 8045 (http) with context path ''
2020-07-22 20:58:45,213 INFO o.s.b.w.e.t.TomcatWebServer [restartedMain] Tomcat initialized with port(s): 8046 (http)
2020-07-22 20:58:45,213 INFO o.a.j.l.DirectJDKLog [restartedMain] Initializing ProtocolHandler ["http-nio-8046"]
2020-07-22 20:58:45,229 INFO o.a.j.l.DirectJDKLog [restartedMain] Starting service [Tomcat]
2020-07-22 20:58:45,229 INFO o.a.j.l.DirectJDKLog [restartedMain] Starting Servlet engine: [Apache Tomcat/9.0.31]
2020-07-22 20:58:45,354 INFO o.a.j.l.DirectJDKLog [restartedMain] Initializing Spring embedded WebApplicationContext
2020-07-22 20:58:45,354 INFO o.s.b.w.s.c.ServletWebServerApplicationContext [restartedMain] Root WebApplicationContext: initialization completed in 938 ms
2020-07-22 20:58:45,400 INFO o.s.b.a.e.w.EndpointLinksResolver [restartedMain] Exposing 2 endpoint(s) beneath base path '/actuator'
2020-07-22 20:58:45,619 INFO o.a.j.l.DirectJDKLog [restartedMain] Starting ProtocolHandler ["http-nio-8046"]
2020-07-22 20:58:45,619 INFO o.s.b.w.e.t.TomcatWebServer [restartedMain] Tomcat started on port(s): 8046 (http) with context path ''
2020-07-22 20:58:45,635 INFO o.s.b.StartupInfoLogger [restartedMain] Started PoseidonApplication in 21.996 seconds (JVM running for 27.418)
2020-07-22 20:58:48,150 INFO o.a.j.l.DirectJDKLog [RMI TCP Connection(5)-10.0.2.15] Initializing Spring DispatcherServlet 'dispatcherServlet'
2020-07-22 20:58:48,150 INFO o.s.w.s.FrameworkServlet [RMI TCP Connection(5)-10.0.2.15] Initializing Servlet 'dispatcherServlet'
2020-07-22 20:58:48,166 INFO o.s.w.s.FrameworkServlet [RMI TCP Connection(5)-10.0.2.15] Completed initialization in 16 ms
2020-07-22 20:59:06,256 INFO c.o.p.s.MyAppUserDetailsService [http-nio-8045-exec-7] loadUserByUsername : admin
2020-07-22 20:59:06,909 INFO c.o.p.c.BidListController [http-nio-8045-exec-8] bidList displayed
2020-07-22 20:59:09,700 INFO c.o.p.c.BidListController [http-nio-8045-exec-10] bidList displayed
2020-07-22 20:59:10,644 INFO c.o.p.c.CurveController [http-nio-8045-exec-4] curvePoint displayed
2020-07-22 20:59:11,626 INFO c.o.p.c.RatingController [http-nio-8045-exec-6] ratings displayed
2020-07-22 20:59:12,817 INFO c.o.p.c.TradeController [http-nio-8045-exec-8] trades displayed
2020-07-22 20:59:13,707 INFO c.o.p.c.RuleNameController [http-nio-8045-exec-10] ruleNames displayed
2020-07-22 20:59:14,581 INFO c.o.p.c.BidListController [http-nio-8045-exec-2] bidList displayed
