2020-06-01 19:43:42,380 INFO o.s.b.StartupInfoLogger [restartedMain] Starting PoseidonApplication on PO480126VW7JAV with PID 6440 (C:\Users\S063912\git\p7_ocr\target\classes started by S063912 in C:\Users\S063912\git\p7_ocr)
2020-06-01 19:43:42,396 INFO o.s.b.SpringApplication [restartedMain] No active profile set, falling back to default profiles: default
2020-06-01 19:43:42,505 INFO o.s.b.l.DeferredLog [restartedMain] The Class-Path manifest attribute in C:\Users\S063912\.m2\repository\org\glassfish\jaxb\jaxb-runtime\2.3.2\jaxb-runtime-2.3.2.jar referenced one or more files that do not exist: file:/C:/Users/S063912/.m2/repository/org/glassfish/jaxb/jaxb-runtime/2.3.2/jakarta.xml.bind-api-2.3.2.jar,file:/C:/Users/S063912/.m2/repository/org/glassfish/jaxb/jaxb-runtime/2.3.2/txw2-2.3.2.jar,file:/C:/Users/S063912/.m2/repository/org/glassfish/jaxb/jaxb-runtime/2.3.2/istack-commons-runtime-3.0.8.jar,file:/C:/Users/S063912/.m2/repository/org/glassfish/jaxb/jaxb-runtime/2.3.2/stax-ex-1.8.1.jar,file:/C:/Users/S063912/.m2/repository/org/glassfish/jaxb/jaxb-runtime/2.3.2/FastInfoset-1.2.16.jar,file:/C:/Users/S063912/.m2/repository/org/glassfish/jaxb/jaxb-runtime/2.3.2/jakarta.activation-api-1.2.1.jar
2020-06-01 19:43:42,505 INFO o.s.b.l.DeferredLog [restartedMain] Devtools property defaults active! Set 'spring.devtools.add-properties' to 'false' to disable
2020-06-01 19:43:42,505 INFO o.s.b.l.DeferredLog [restartedMain] For additional web related logging consider setting the 'logging.level.web' property to 'DEBUG'
2020-06-01 19:43:43,458 INFO o.s.d.r.c.RepositoryConfigurationDelegate [restartedMain] Bootstrapping Spring Data JPA repositories in DEFAULT mode.
2020-06-01 19:43:43,552 INFO o.s.d.r.c.RepositoryConfigurationDelegate [restartedMain] Finished Spring Data repository scanning in 89ms. Found 6 JPA repository interfaces.
2020-06-01 19:43:43,771 INFO c.u.j.c.EnableEncryptablePropertiesBeanFactoryPostProcessor [restartedMain] Post-processing PropertySource instances
2020-06-01 19:43:43,849 INFO c.u.j.EncryptablePropertySourceConverter [restartedMain] Converting PropertySource configurationProperties [org.springframework.boot.context.properties.source.ConfigurationPropertySourcesPropertySource] to AOP Proxy
2020-06-01 19:43:43,849 INFO c.u.j.EncryptablePropertySourceConverter [restartedMain] Converting PropertySource servletConfigInitParams [org.springframework.core.env.PropertySource$StubPropertySource] to EncryptablePropertySourceWrapper
2020-06-01 19:43:43,849 INFO c.u.j.EncryptablePropertySourceConverter [restartedMain] Converting PropertySource servletContextInitParams [org.springframework.core.env.PropertySource$StubPropertySource] to EncryptablePropertySourceWrapper
2020-06-01 19:43:43,849 INFO c.u.j.EncryptablePropertySourceConverter [restartedMain] Converting PropertySource systemProperties [org.springframework.core.env.PropertiesPropertySource] to EncryptableMapPropertySourceWrapper
2020-06-01 19:43:43,849 INFO c.u.j.EncryptablePropertySourceConverter [restartedMain] Converting PropertySource systemEnvironment [org.springframework.boot.env.SystemEnvironmentPropertySourceEnvironmentPostProcessor$OriginAwareSystemEnvironmentPropertySource] to EncryptableSystemEnvironmentPropertySourceWrapper
2020-06-01 19:43:43,849 INFO c.u.j.EncryptablePropertySourceConverter [restartedMain] Converting PropertySource random [org.springframework.boot.env.RandomValuePropertySource] to EncryptablePropertySourceWrapper
2020-06-01 19:43:43,849 INFO c.u.j.EncryptablePropertySourceConverter [restartedMain] Converting PropertySource applicationConfig: [classpath:/application.properties] [org.springframework.boot.env.OriginTrackedMapPropertySource] to EncryptableMapPropertySourceWrapper
2020-06-01 19:43:43,849 INFO c.u.j.EncryptablePropertySourceConverter [restartedMain] Converting PropertySource devtools [org.springframework.core.env.MapPropertySource] to EncryptableMapPropertySourceWrapper
2020-06-01 19:43:43,974 INFO c.u.j.f.DefaultLazyPropertyFilter [restartedMain] Property Filter custom Bean not found with name 'encryptablePropertyFilter'. Initializing Default Property Filter
2020-06-01 19:43:44,036 INFO o.s.c.s.PostProcessorRegistrationDelegate$BeanPostProcessorChecker [restartedMain] Bean 'org.springframework.security.config.annotation.configuration.ObjectPostProcessorConfiguration' of type [org.springframework.security.config.annotation.configuration.ObjectPostProcessorConfiguration] is not eligible for getting processed by all BeanPostProcessors (for example: not eligible for auto-proxying)
2020-06-01 19:43:44,036 INFO o.s.c.s.PostProcessorRegistrationDelegate$BeanPostProcessorChecker [restartedMain] Bean 'objectPostProcessor' of type [org.springframework.security.config.annotation.configuration.AutowireBeanFactoryObjectPostProcessor] is not eligible for getting processed by all BeanPostProcessors (for example: not eligible for auto-proxying)
2020-06-01 19:43:44,036 INFO o.s.c.s.PostProcessorRegistrationDelegate$BeanPostProcessorChecker [restartedMain] Bean 'org.springframework.security.access.expression.method.DefaultMethodSecurityExpressionHandler@23194ece' of type [org.springframework.security.access.expression.method.DefaultMethodSecurityExpressionHandler] is not eligible for getting processed by all BeanPostProcessors (for example: not eligible for auto-proxying)
2020-06-01 19:43:44,036 INFO o.s.c.s.PostProcessorRegistrationDelegate$BeanPostProcessorChecker [restartedMain] Bean 'org.springframework.security.config.annotation.method.configuration.GlobalMethodSecurityConfiguration' of type [org.springframework.security.config.annotation.method.configuration.GlobalMethodSecurityConfiguration] is not eligible for getting processed by all BeanPostProcessors (for example: not eligible for auto-proxying)
2020-06-01 19:43:44,036 INFO o.s.c.s.PostProcessorRegistrationDelegate$BeanPostProcessorChecker [restartedMain] Bean 'methodSecurityMetadataSource' of type [org.springframework.security.access.method.DelegatingMethodSecurityMetadataSource] is not eligible for getting processed by all BeanPostProcessors (for example: not eligible for auto-proxying)
2020-06-01 19:43:44,130 INFO c.u.j.r.DefaultLazyPropertyResolver [restartedMain] Property Resolver custom Bean not found with name 'encryptablePropertyResolver'. Initializing Default Property Resolver
2020-06-01 19:43:44,130 INFO c.u.j.d.DefaultLazyPropertyDetector [restartedMain] Property Detector custom Bean not found with name 'encryptablePropertyDetector'. Initializing Default Property Detector
2020-06-01 19:43:44,521 INFO o.s.b.w.e.t.TomcatWebServer [restartedMain] Tomcat initialized with port(s): 8045 (http)
2020-06-01 19:43:44,536 INFO o.a.j.l.DirectJDKLog [restartedMain] Initializing ProtocolHandler ["http-nio-8045"]
2020-06-01 19:43:44,536 INFO o.a.j.l.DirectJDKLog [restartedMain] Starting service [Tomcat]
2020-06-01 19:43:44,536 INFO o.a.j.l.DirectJDKLog [restartedMain] Starting Servlet engine: [Apache Tomcat/9.0.31]
2020-06-01 19:43:44,646 INFO o.a.j.l.DirectJDKLog [restartedMain] Initializing Spring embedded WebApplicationContext
2020-06-01 19:43:44,646 INFO o.s.b.w.s.c.ServletWebServerApplicationContext [restartedMain] Root WebApplicationContext: initialization completed in 2141 ms
2020-06-01 19:43:44,755 INFO c.u.j.e.DefaultLazyEncryptor [restartedMain] String Encryptor custom Bean not found with name 'jasyptStringEncryptor'. Initializing Default String Encryptor
2020-06-01 19:43:44,755 INFO c.u.j.e.DefaultLazyEncryptor [restartedMain] Encryptor config not found for property jasypt.encryptor.key-obtention-iterations, using default value: 1000
2020-06-01 19:43:44,755 INFO c.u.j.e.DefaultLazyEncryptor [restartedMain] Encryptor config not found for property jasypt.encryptor.pool-size, using default value: 1
2020-06-01 19:43:44,755 INFO c.u.j.e.DefaultLazyEncryptor [restartedMain] Encryptor config not found for property jasypt.encryptor.provider-name, using default value: null
2020-06-01 19:43:44,755 INFO c.u.j.e.DefaultLazyEncryptor [restartedMain] Encryptor config not found for property jasypt.encryptor.provider-class-name, using default value: null
2020-06-01 19:43:44,755 INFO c.u.j.e.DefaultLazyEncryptor [restartedMain] Encryptor config not found for property jasypt.encryptor.salt-generator-classname, using default value: org.jasypt.salt.RandomSaltGenerator
2020-06-01 19:43:44,755 INFO c.u.j.e.DefaultLazyEncryptor [restartedMain] Encryptor config not found for property jasypt.encryptor.iv-generator-classname, using default value: org.jasypt.iv.NoIvGenerator
2020-06-01 19:43:45,068 INFO c.z.h.HikariDataSource [restartedMain] HikariPool-1 - Starting...
2020-06-01 19:43:45,365 INFO c.z.h.HikariDataSource [restartedMain] HikariPool-1 - Start completed.
2020-06-01 19:43:45,380 INFO o.s.b.a.h.H2ConsoleAutoConfiguration [restartedMain] H2 console available at '/h2-console'. Database available at 'jdbc:mysql://localhost:3306/testp7?zeroDateTimeBehavior=CONVERT_TO_NULL&serverTimezone=Europe/Paris'
2020-06-01 19:43:45,521 INFO o.h.j.i.u.LogHelper [restartedMain] HHH000204: Processing PersistenceUnitInfo [name: default]
2020-06-01 19:43:45,599 INFO o.h.Version [restartedMain] HHH000412: Hibernate ORM core version 5.4.12.Final
2020-06-01 19:43:45,724 INFO o.h.a.c.r.j.JavaReflectionManager [restartedMain] HCANN000001: Hibernate Commons Annotations {5.1.0.Final}
2020-06-01 19:43:45,833 INFO o.h.d.Dialect [restartedMain] HHH000400: Using dialect: org.hibernate.dialect.MySQL8Dialect
2020-06-01 19:43:46,630 INFO o.h.e.t.j.p.i.JtaPlatformInitiator [restartedMain] HHH000490: Using JtaPlatform implementation: [org.hibernate.engine.transaction.jta.platform.internal.NoJtaPlatform]
2020-06-01 19:43:46,646 INFO o.s.o.j.AbstractEntityManagerFactoryBean [restartedMain] Initialized JPA EntityManagerFactory for persistence unit 'default'
2020-06-01 19:43:46,693 INFO o.s.b.d.a.OptionalLiveReloadServer [restartedMain] LiveReload server is running on port 35729
2020-06-01 19:43:46,740 WARN o.s.b.a.o.j.JpaBaseConfiguration$JpaWebConfiguration [restartedMain] spring.jpa.open-in-view is enabled by default. Therefore, database queries may be performed during view rendering. Explicitly configure spring.jpa.open-in-view to disable this warning
2020-06-01 19:43:47,380 INFO o.s.s.w.DefaultSecurityFilterChain [restartedMain] Creating filter chain: any request, [org.springframework.security.web.context.request.async.WebAsyncManagerIntegrationFilter@304c99f4, org.springframework.security.web.context.SecurityContextPersistenceFilter@b918a22, org.springframework.security.web.header.HeaderWriterFilter@2868c9e, org.springframework.security.web.csrf.CsrfFilter@7a39ed71, org.springframework.security.web.authentication.logout.LogoutFilter@504546f, org.springframework.security.web.authentication.UsernamePasswordAuthenticationFilter@12d63f7, org.springframework.security.web.authentication.ui.DefaultLoginPageGeneratingFilter@55c10cf7, org.springframework.security.web.authentication.ui.DefaultLogoutPageGeneratingFilter@51c96b32, org.springframework.security.web.savedrequest.RequestCacheAwareFilter@6e71bb9f, org.springframework.security.web.servletapi.SecurityContextHolderAwareRequestFilter@50b5bae3, org.springframework.security.web.authentication.AnonymousAuthenticationFilter@7c8d085d, org.springframework.security.web.session.SessionManagementFilter@f406a9d, org.springframework.security.web.access.ExceptionTranslationFilter@42fc8a48, org.springframework.security.web.access.intercept.FilterSecurityInterceptor@5acc6483]
2020-06-01 19:43:47,646 INFO o.s.s.c.ExecutorConfigurationSupport [restartedMain] Initializing ExecutorService 'applicationTaskExecutor'
2020-06-01 19:43:48,146 INFO o.a.j.l.DirectJDKLog [restartedMain] Starting ProtocolHandler ["http-nio-8045"]
2020-06-01 19:43:48,161 INFO o.s.b.w.e.t.TomcatWebServer [restartedMain] Tomcat started on port(s): 8045 (http) with context path ''
2020-06-01 19:43:48,318 INFO o.s.b.w.e.t.TomcatWebServer [restartedMain] Tomcat initialized with port(s): 8046 (http)
2020-06-01 19:43:48,318 INFO o.a.j.l.DirectJDKLog [restartedMain] Initializing ProtocolHandler ["http-nio-8046"]
2020-06-01 19:43:48,318 INFO o.a.j.l.DirectJDKLog [restartedMain] Starting service [Tomcat]
2020-06-01 19:43:48,318 INFO o.a.j.l.DirectJDKLog [restartedMain] Starting Servlet engine: [Apache Tomcat/9.0.31]
2020-06-01 19:43:48,333 INFO o.a.j.l.DirectJDKLog [restartedMain] Initializing Spring embedded WebApplicationContext
2020-06-01 19:43:48,333 INFO o.s.b.w.s.c.ServletWebServerApplicationContext [restartedMain] Root WebApplicationContext: initialization completed in 156 ms
2020-06-01 19:43:48,349 INFO o.s.b.a.e.w.EndpointLinksResolver [restartedMain] Exposing 2 endpoint(s) beneath base path '/actuator'
2020-06-01 19:43:48,396 INFO o.a.j.l.DirectJDKLog [restartedMain] Starting ProtocolHandler ["http-nio-8046"]
2020-06-01 19:43:48,411 INFO o.s.b.w.e.t.TomcatWebServer [restartedMain] Tomcat started on port(s): 8046 (http) with context path ''
2020-06-01 19:43:48,411 INFO o.s.b.StartupInfoLogger [restartedMain] Started PoseidonApplication in 6.554 seconds (JVM running for 8.072)
2020-06-01 19:43:48,896 INFO o.a.j.l.DirectJDKLog [RMI TCP Connection(3)-10.0.2.15] Initializing Spring DispatcherServlet 'dispatcherServlet'
2020-06-01 19:43:48,896 INFO o.s.w.s.FrameworkServlet [RMI TCP Connection(3)-10.0.2.15] Initializing Servlet 'dispatcherServlet'
2020-06-01 19:43:48,896 INFO o.s.w.s.FrameworkServlet [RMI TCP Connection(3)-10.0.2.15] Completed initialization in 0 ms
2020-06-01 20:41:18,913 INFO o.s.s.c.ExecutorConfigurationSupport [Thread-16] Shutting down ExecutorService 'applicationTaskExecutor'
2020-06-01 20:41:18,917 INFO o.s.o.j.AbstractEntityManagerFactoryBean [Thread-16] Closing JPA EntityManagerFactory for persistence unit 'default'
2020-06-01 20:41:18,923 INFO c.z.h.HikariDataSource [Thread-16] HikariPool-1 - Shutdown initiated...
2020-06-01 20:41:18,938 INFO c.z.h.HikariDataSource [Thread-16] HikariPool-1 - Shutdown completed.
2020-06-01 20:41:19,362 INFO o.s.b.StartupInfoLogger [restartedMain] Starting PoseidonApplication on PO480126VW7JAV with PID 6440 (C:\Users\S063912\git\p7_ocr\target\classes started by S063912 in C:\Users\S063912\git\p7_ocr)
2020-06-01 20:41:19,363 INFO o.s.b.SpringApplication [restartedMain] No active profile set, falling back to default profiles: default
2020-06-01 20:41:19,862 INFO o.s.d.r.c.RepositoryConfigurationDelegate [restartedMain] Bootstrapping Spring Data JPA repositories in DEFAULT mode.
2020-06-01 20:41:19,901 INFO o.s.d.r.c.RepositoryConfigurationDelegate [restartedMain] Finished Spring Data repository scanning in 38ms. Found 6 JPA repository interfaces.
2020-06-01 20:41:19,972 INFO c.u.j.c.EnableEncryptablePropertiesBeanFactoryPostProcessor [restartedMain] Post-processing PropertySource instances
2020-06-01 20:41:19,985 INFO c.u.j.EncryptablePropertySourceConverter [restartedMain] Converting PropertySource configurationProperties [org.springframework.boot.context.properties.source.ConfigurationPropertySourcesPropertySource] to AOP Proxy
2020-06-01 20:41:19,986 INFO c.u.j.EncryptablePropertySourceConverter [restartedMain] Converting PropertySource servletConfigInitParams [org.springframework.core.env.PropertySource$StubPropertySource] to EncryptablePropertySourceWrapper
2020-06-01 20:41:19,986 INFO c.u.j.EncryptablePropertySourceConverter [restartedMain] Converting PropertySource servletContextInitParams [org.springframework.core.env.PropertySource$StubPropertySource] to EncryptablePropertySourceWrapper
2020-06-01 20:41:19,986 INFO c.u.j.EncryptablePropertySourceConverter [restartedMain] Converting PropertySource systemProperties [org.springframework.core.env.PropertiesPropertySource] to EncryptableMapPropertySourceWrapper
2020-06-01 20:41:19,986 INFO c.u.j.EncryptablePropertySourceConverter [restartedMain] Converting PropertySource systemEnvironment [org.springframework.boot.env.SystemEnvironmentPropertySourceEnvironmentPostProcessor$OriginAwareSystemEnvironmentPropertySource] to EncryptableSystemEnvironmentPropertySourceWrapper
2020-06-01 20:41:19,986 INFO c.u.j.EncryptablePropertySourceConverter [restartedMain] Converting PropertySource random [org.springframework.boot.env.RandomValuePropertySource] to EncryptablePropertySourceWrapper
2020-06-01 20:41:19,986 INFO c.u.j.EncryptablePropertySourceConverter [restartedMain] Converting PropertySource applicationConfig: [classpath:/application.properties] [org.springframework.boot.env.OriginTrackedMapPropertySource] to EncryptableMapPropertySourceWrapper
2020-06-01 20:41:19,986 INFO c.u.j.EncryptablePropertySourceConverter [restartedMain] Converting PropertySource devtools [org.springframework.core.env.MapPropertySource] to EncryptableMapPropertySourceWrapper
2020-06-01 20:41:20,012 INFO c.u.j.f.DefaultLazyPropertyFilter [restartedMain] Property Filter custom Bean not found with name 'encryptablePropertyFilter'. Initializing Default Property Filter
2020-06-01 20:41:20,032 INFO o.s.c.s.PostProcessorRegistrationDelegate$BeanPostProcessorChecker [restartedMain] Bean 'org.springframework.security.config.annotation.configuration.ObjectPostProcessorConfiguration' of type [org.springframework.security.config.annotation.configuration.ObjectPostProcessorConfiguration] is not eligible for getting processed by all BeanPostProcessors (for example: not eligible for auto-proxying)
2020-06-01 20:41:20,034 INFO o.s.c.s.PostProcessorRegistrationDelegate$BeanPostProcessorChecker [restartedMain] Bean 'objectPostProcessor' of type [org.springframework.security.config.annotation.configuration.AutowireBeanFactoryObjectPostProcessor] is not eligible for getting processed by all BeanPostProcessors (for example: not eligible for auto-proxying)
2020-06-01 20:41:20,035 INFO o.s.c.s.PostProcessorRegistrationDelegate$BeanPostProcessorChecker [restartedMain] Bean 'org.springframework.security.access.expression.method.DefaultMethodSecurityExpressionHandler@28ec4dd9' of type [org.springframework.security.access.expression.method.DefaultMethodSecurityExpressionHandler] is not eligible for getting processed by all BeanPostProcessors (for example: not eligible for auto-proxying)
2020-06-01 20:41:20,036 INFO o.s.c.s.PostProcessorRegistrationDelegate$BeanPostProcessorChecker [restartedMain] Bean 'org.springframework.security.config.annotation.method.configuration.GlobalMethodSecurityConfiguration' of type [org.springframework.security.config.annotation.method.configuration.GlobalMethodSecurityConfiguration] is not eligible for getting processed by all BeanPostProcessors (for example: not eligible for auto-proxying)
2020-06-01 20:41:20,037 INFO o.s.c.s.PostProcessorRegistrationDelegate$BeanPostProcessorChecker [restartedMain] Bean 'methodSecurityMetadataSource' of type [org.springframework.security.access.method.DelegatingMethodSecurityMetadataSource] is not eligible for getting processed by all BeanPostProcessors (for example: not eligible for auto-proxying)
2020-06-01 20:41:20,060 INFO c.u.j.r.DefaultLazyPropertyResolver [restartedMain] Property Resolver custom Bean not found with name 'encryptablePropertyResolver'. Initializing Default Property Resolver
2020-06-01 20:41:20,060 INFO c.u.j.d.DefaultLazyPropertyDetector [restartedMain] Property Detector custom Bean not found with name 'encryptablePropertyDetector'. Initializing Default Property Detector
2020-06-01 20:41:20,249 INFO o.s.b.w.e.t.TomcatWebServer [restartedMain] Tomcat initialized with port(s): 8045 (http)
2020-06-01 20:41:20,250 INFO o.a.j.l.DirectJDKLog [restartedMain] Initializing ProtocolHandler ["http-nio-8045"]
2020-06-01 20:41:20,251 INFO o.a.j.l.DirectJDKLog [restartedMain] Starting service [Tomcat]
2020-06-01 20:41:20,251 INFO o.a.j.l.DirectJDKLog [restartedMain] Starting Servlet engine: [Apache Tomcat/9.0.31]
2020-06-01 20:41:20,289 INFO o.a.j.l.DirectJDKLog [restartedMain] Initializing Spring embedded WebApplicationContext
2020-06-01 20:41:20,290 INFO o.s.b.w.s.c.ServletWebServerApplicationContext [restartedMain] Root WebApplicationContext: initialization completed in 922 ms
2020-06-01 20:41:20,347 INFO c.u.j.e.DefaultLazyEncryptor [restartedMain] String Encryptor custom Bean not found with name 'jasyptStringEncryptor'. Initializing Default String Encryptor
2020-06-01 20:41:20,348 INFO c.u.j.e.DefaultLazyEncryptor [restartedMain] Encryptor config not found for property jasypt.encryptor.key-obtention-iterations, using default value: 1000
2020-06-01 20:41:20,349 INFO c.u.j.e.DefaultLazyEncryptor [restartedMain] Encryptor config not found for property jasypt.encryptor.pool-size, using default value: 1
2020-06-01 20:41:20,350 INFO c.u.j.e.DefaultLazyEncryptor [restartedMain] Encryptor config not found for property jasypt.encryptor.provider-name, using default value: null
2020-06-01 20:41:20,352 INFO c.u.j.e.DefaultLazyEncryptor [restartedMain] Encryptor config not found for property jasypt.encryptor.provider-class-name, using default value: null
2020-06-01 20:41:20,355 INFO c.u.j.e.DefaultLazyEncryptor [restartedMain] Encryptor config not found for property jasypt.encryptor.salt-generator-classname, using default value: org.jasypt.salt.RandomSaltGenerator
2020-06-01 20:41:20,355 INFO c.u.j.e.DefaultLazyEncryptor [restartedMain] Encryptor config not found for property jasypt.encryptor.iv-generator-classname, using default value: org.jasypt.iv.NoIvGenerator
2020-06-01 20:41:20,388 INFO c.z.h.HikariDataSource [restartedMain] HikariPool-2 - Starting...
2020-06-01 20:41:20,432 INFO c.z.h.HikariDataSource [restartedMain] HikariPool-2 - Start completed.
2020-06-01 20:41:20,432 INFO o.s.b.a.h.H2ConsoleAutoConfiguration [restartedMain] H2 console available at '/h2-console'. Database available at 'jdbc:mysql://localhost:3306/testp7?zeroDateTimeBehavior=CONVERT_TO_NULL&serverTimezone=Europe/Paris'
2020-06-01 20:41:20,495 INFO o.h.j.i.u.LogHelper [restartedMain] HHH000204: Processing PersistenceUnitInfo [name: default]
2020-06-01 20:41:20,501 INFO o.h.d.Dialect [restartedMain] HHH000400: Using dialect: org.hibernate.dialect.MySQL8Dialect
2020-06-01 20:41:20,838 INFO o.h.e.t.j.p.i.JtaPlatformInitiator [restartedMain] HHH000490: Using JtaPlatform implementation: [org.hibernate.engine.transaction.jta.platform.internal.NoJtaPlatform]
2020-06-01 20:41:20,839 INFO o.s.o.j.AbstractEntityManagerFactoryBean [restartedMain] Initialized JPA EntityManagerFactory for persistence unit 'default'
2020-06-01 20:41:20,876 INFO o.s.b.d.a.OptionalLiveReloadServer [restartedMain] LiveReload server is running on port 35729
2020-06-01 20:41:20,916 WARN o.s.b.a.o.j.JpaBaseConfiguration$JpaWebConfiguration [restartedMain] spring.jpa.open-in-view is enabled by default. Therefore, database queries may be performed during view rendering. Explicitly configure spring.jpa.open-in-view to disable this warning
2020-06-01 20:41:21,193 INFO o.s.s.w.DefaultSecurityFilterChain [restartedMain] Creating filter chain: any request, [org.springframework.security.web.context.request.async.WebAsyncManagerIntegrationFilter@7b2ba4c1, org.springframework.security.web.context.SecurityContextPersistenceFilter@a145164, org.springframework.security.web.header.HeaderWriterFilter@45c2b737, org.springframework.security.web.csrf.CsrfFilter@43f5a341, org.springframework.security.web.authentication.logout.LogoutFilter@1e696760, org.springframework.security.web.authentication.UsernamePasswordAuthenticationFilter@3355e475, org.springframework.security.web.authentication.ui.DefaultLoginPageGeneratingFilter@499f8937, org.springframework.security.web.authentication.ui.DefaultLogoutPageGeneratingFilter@2ed5ad01, org.springframework.security.web.savedrequest.RequestCacheAwareFilter@5525436f, org.springframework.security.web.servletapi.SecurityContextHolderAwareRequestFilter@58e3df3, org.springframework.security.web.authentication.AnonymousAuthenticationFilter@10ff9deb, org.springframework.security.web.session.SessionManagementFilter@6415190c, org.springframework.security.web.access.ExceptionTranslationFilter@4183cda4, org.springframework.security.web.access.intercept.FilterSecurityInterceptor@7b58b981]
2020-06-01 20:41:21,412 INFO o.s.s.c.ExecutorConfigurationSupport [restartedMain] Initializing ExecutorService 'applicationTaskExecutor'
2020-06-01 20:41:21,821 INFO o.a.j.l.DirectJDKLog [restartedMain] Starting ProtocolHandler ["http-nio-8045"]
2020-06-01 20:41:21,828 INFO o.s.b.w.e.t.TomcatWebServer [restartedMain] Tomcat started on port(s): 8045 (http) with context path ''
2020-06-01 20:41:21,995 INFO o.s.b.w.e.t.TomcatWebServer [restartedMain] Tomcat initialized with port(s): 8046 (http)
2020-06-01 20:41:21,996 INFO o.a.j.l.DirectJDKLog [restartedMain] Initializing ProtocolHandler ["http-nio-8046"]
2020-06-01 20:41:21,996 INFO o.a.j.l.DirectJDKLog [restartedMain] Starting service [Tomcat]
2020-06-01 20:41:21,996 INFO o.a.j.l.DirectJDKLog [restartedMain] Starting Servlet engine: [Apache Tomcat/9.0.31]
2020-06-01 20:41:22,019 INFO o.a.j.l.DirectJDKLog [restartedMain] Initializing Spring embedded WebApplicationContext
2020-06-01 20:41:22,019 INFO o.s.b.w.s.c.ServletWebServerApplicationContext [restartedMain] Root WebApplicationContext: initialization completed in 175 ms
2020-06-01 20:41:22,036 INFO o.s.b.a.e.w.EndpointLinksResolver [restartedMain] Exposing 2 endpoint(s) beneath base path '/actuator'
2020-06-01 20:41:22,084 INFO o.a.j.l.DirectJDKLog [restartedMain] Starting ProtocolHandler ["http-nio-8046"]
2020-06-01 20:41:22,089 INFO o.s.b.w.e.t.TomcatWebServer [restartedMain] Tomcat started on port(s): 8046 (http) with context path ''
2020-06-01 20:41:22,090 INFO o.s.b.StartupInfoLogger [restartedMain] Started PoseidonApplication in 2.848 seconds (JVM running for 3461.442)
2020-06-01 20:41:22,093 INFO o.s.b.d.a.ConditionEvaluationDeltaLoggingListener [restartedMain] Condition evaluation unchanged
