2020-06-28 12:36:25,826 INFO o.s.t.c.s.AbstractTestContextBootstrapper [main] Neither @ContextConfiguration nor @ContextHierarchy found for test class [com.ocr.poseidon.controllers.BidlistControllerIntgTest], using SpringBootContextLoader
2020-06-28 12:36:25,841 INFO o.s.t.c.s.AbstractContextLoader [main] Could not detect default resource locations for test class [com.ocr.poseidon.controllers.BidlistControllerIntgTest]: no resource found for suffixes {-context.xml, Context.groovy}.
2020-06-28 12:36:25,843 INFO o.s.t.c.s.AnnotationConfigContextLoaderUtils [main] Could not detect default configuration classes for test class [com.ocr.poseidon.controllers.BidlistControllerIntgTest]: BidlistControllerIntgTest does not declare any static, non-private, non-final, nested classes annotated with @Configuration.
2020-06-28 12:36:26,078 INFO o.s.b.t.c.SpringBootTestContextBootstrapper [main] Found @SpringBootConfiguration com.ocr.poseidon.PoseidonApplication for test class com.ocr.poseidon.controllers.BidlistControllerIntgTest
2020-06-28 12:36:26,212 INFO o.s.t.c.s.AbstractTestContextBootstrapper [main] Loaded default TestExecutionListener class names from location [META-INF/spring.factories]: [org.springframework.boot.test.mock.mockito.MockitoTestExecutionListener, org.springframework.boot.test.mock.mockito.ResetMocksTestExecutionListener, org.springframework.boot.test.autoconfigure.restdocs.RestDocsTestExecutionListener, org.springframework.boot.test.autoconfigure.web.client.MockRestServiceServerResetTestExecutionListener, org.springframework.boot.test.autoconfigure.web.servlet.MockMvcPrintOnlyOnFailureTestExecutionListener, org.springframework.boot.test.autoconfigure.web.servlet.WebDriverTestExecutionListener, org.springframework.test.context.web.ServletTestExecutionListener, org.springframework.test.context.support.DirtiesContextBeforeModesTestExecutionListener, org.springframework.test.context.support.DependencyInjectionTestExecutionListener, org.springframework.test.context.support.DirtiesContextTestExecutionListener, org.springframework.test.context.transaction.TransactionalTestExecutionListener, org.springframework.test.context.jdbc.SqlScriptsTestExecutionListener, org.springframework.test.context.event.EventPublishingTestExecutionListener, org.springframework.security.test.context.support.WithSecurityContextTestExecutionListener, org.springframework.security.test.context.support.ReactorContextTestExecutionListener]
2020-06-28 12:36:26,248 INFO o.s.t.c.s.AbstractTestContextBootstrapper [main] Using TestExecutionListeners: [org.springframework.test.context.web.ServletTestExecutionListener@436bc36, org.springframework.test.context.support.DirtiesContextBeforeModesTestExecutionListener@5fe1ce85, org.springframework.boot.test.mock.mockito.MockitoTestExecutionListener@604c5de8, org.springframework.boot.test.autoconfigure.SpringBootDependencyInjectionTestExecutionListener@37091312, org.springframework.test.context.support.DirtiesContextTestExecutionListener@66fdec9, org.springframework.test.context.transaction.TransactionalTestExecutionListener@57abad67, org.springframework.test.context.jdbc.SqlScriptsTestExecutionListener@550a1967, org.springframework.test.context.event.EventPublishingTestExecutionListener@2a640157, org.springframework.security.test.context.support.WithSecurityContextTestExecutionListener@52851b44, org.springframework.security.test.context.support.ReactorContextTestExecutionListener@584f54e6, org.springframework.boot.test.mock.mockito.ResetMocksTestExecutionListener@5d8bafa9, org.springframework.boot.test.autoconfigure.restdocs.RestDocsTestExecutionListener@576f63f6, org.springframework.boot.test.autoconfigure.web.client.MockRestServiceServerResetTestExecutionListener@2dca0d64, org.springframework.boot.test.autoconfigure.web.servlet.MockMvcPrintOnlyOnFailureTestExecutionListener@f80945f, org.springframework.boot.test.autoconfigure.web.servlet.WebDriverTestExecutionListener@ff684e1]
2020-06-28 12:36:26,729 INFO o.s.b.StartupInfoLogger [main] Starting BidlistControllerIntgTest on PO480126VW7JAV with PID 7136 (started by S063912 in C:\Users\S063912\git\p7_ocr)
2020-06-28 12:36:26,735 INFO o.s.b.SpringApplication [main] No active profile set, falling back to default profiles: default
2020-06-28 12:36:28,754 INFO o.s.d.r.c.RepositoryConfigurationDelegate [main] Bootstrapping Spring Data JPA repositories in DEFAULT mode.
2020-06-28 12:36:28,975 INFO o.s.d.r.c.RepositoryConfigurationDelegate [main] Finished Spring Data repository scanning in 184ms. Found 6 JPA repository interfaces.
2020-06-28 12:36:29,567 INFO c.u.j.c.EnableEncryptablePropertiesBeanFactoryPostProcessor [main] Post-processing PropertySource instances
2020-06-28 12:36:29,649 INFO c.u.j.EncryptablePropertySourceConverter [main] Converting PropertySource Annotations [org.springframework.boot.test.autoconfigure.properties.AnnotationsPropertySource] to EncryptableEnumerablePropertySourceWrapper
2020-06-28 12:36:29,695 INFO c.u.j.EncryptablePropertySourceConverter [main] Converting PropertySource configurationProperties [org.springframework.boot.context.properties.source.ConfigurationPropertySourcesPropertySource] to AOP Proxy
2020-06-28 12:36:29,697 INFO c.u.j.EncryptablePropertySourceConverter [main] Converting PropertySource Inlined Test Properties [org.springframework.core.env.MapPropertySource] to EncryptableMapPropertySourceWrapper
2020-06-28 12:36:29,697 INFO c.u.j.EncryptablePropertySourceConverter [main] Converting PropertySource systemProperties [org.springframework.core.env.PropertiesPropertySource] to EncryptableMapPropertySourceWrapper
2020-06-28 12:36:29,698 INFO c.u.j.EncryptablePropertySourceConverter [main] Converting PropertySource systemEnvironment [org.springframework.boot.env.SystemEnvironmentPropertySourceEnvironmentPostProcessor$OriginAwareSystemEnvironmentPropertySource] to EncryptableSystemEnvironmentPropertySourceWrapper
2020-06-28 12:36:29,699 INFO c.u.j.EncryptablePropertySourceConverter [main] Converting PropertySource random [org.springframework.boot.env.RandomValuePropertySource] to EncryptablePropertySourceWrapper
2020-06-28 12:36:29,699 INFO c.u.j.EncryptablePropertySourceConverter [main] Converting PropertySource applicationConfig: [classpath:/application.properties] [org.springframework.boot.env.OriginTrackedMapPropertySource] to EncryptableMapPropertySourceWrapper
2020-06-28 12:36:30,004 INFO c.u.j.f.DefaultLazyPropertyFilter [main] Property Filter custom Bean not found with name 'encryptablePropertyFilter'. Initializing Default Property Filter
2020-06-28 12:36:30,194 INFO o.s.c.s.PostProcessorRegistrationDelegate$BeanPostProcessorChecker [main] Bean 'org.springframework.security.config.annotation.configuration.ObjectPostProcessorConfiguration' of type [org.springframework.security.config.annotation.configuration.ObjectPostProcessorConfiguration] is not eligible for getting processed by all BeanPostProcessors (for example: not eligible for auto-proxying)
2020-06-28 12:36:30,207 INFO o.s.c.s.PostProcessorRegistrationDelegate$BeanPostProcessorChecker [main] Bean 'objectPostProcessor' of type [org.springframework.security.config.annotation.configuration.AutowireBeanFactoryObjectPostProcessor] is not eligible for getting processed by all BeanPostProcessors (for example: not eligible for auto-proxying)
2020-06-28 12:36:30,210 INFO o.s.c.s.PostProcessorRegistrationDelegate$BeanPostProcessorChecker [main] Bean 'org.springframework.security.access.expression.method.DefaultMethodSecurityExpressionHandler@40c2ce52' of type [org.springframework.security.access.expression.method.DefaultMethodSecurityExpressionHandler] is not eligible for getting processed by all BeanPostProcessors (for example: not eligible for auto-proxying)
2020-06-28 12:36:30,224 INFO o.s.c.s.PostProcessorRegistrationDelegate$BeanPostProcessorChecker [main] Bean 'org.springframework.security.config.annotation.method.configuration.GlobalMethodSecurityConfiguration' of type [org.springframework.security.config.annotation.method.configuration.GlobalMethodSecurityConfiguration] is not eligible for getting processed by all BeanPostProcessors (for example: not eligible for auto-proxying)
2020-06-28 12:36:30,239 INFO o.s.c.s.PostProcessorRegistrationDelegate$BeanPostProcessorChecker [main] Bean 'methodSecurityMetadataSource' of type [org.springframework.security.access.method.DelegatingMethodSecurityMetadataSource] is not eligible for getting processed by all BeanPostProcessors (for example: not eligible for auto-proxying)
2020-06-28 12:36:30,413 INFO c.u.j.r.DefaultLazyPropertyResolver [main] Property Resolver custom Bean not found with name 'encryptablePropertyResolver'. Initializing Default Property Resolver
2020-06-28 12:36:30,420 INFO c.u.j.d.DefaultLazyPropertyDetector [main] Property Detector custom Bean not found with name 'encryptablePropertyDetector'. Initializing Default Property Detector
2020-06-28 12:36:30,734 INFO o.h.j.i.u.LogHelper [main] HHH000204: Processing PersistenceUnitInfo [name: default]
2020-06-28 12:36:30,887 INFO o.h.Version [main] HHH000412: Hibernate ORM core version 5.4.12.Final
2020-06-28 12:36:31,169 INFO o.h.a.c.r.j.JavaReflectionManager [main] HCANN000001: Hibernate Commons Annotations {5.1.0.Final}
2020-06-28 12:36:31,447 INFO c.z.h.HikariDataSource [main] HikariPool-1 - Starting...
2020-06-28 12:36:31,824 INFO c.z.h.HikariDataSource [main] HikariPool-1 - Start completed.
2020-06-28 12:36:31,862 INFO o.h.d.Dialect [main] HHH000400: Using dialect: org.hibernate.dialect.H2Dialect
2020-06-28 12:36:33,486 INFO o.h.e.t.j.p.i.JtaPlatformInitiator [main] HHH000490: Using JtaPlatform implementation: [org.hibernate.engine.transaction.jta.platform.internal.NoJtaPlatform]
2020-06-28 12:36:33,498 INFO o.s.o.j.AbstractEntityManagerFactoryBean [main] Initialized JPA EntityManagerFactory for persistence unit 'default'
2020-06-28 12:36:33,622 WARN o.s.b.a.o.j.JpaBaseConfiguration$JpaWebConfiguration [main] spring.jpa.open-in-view is enabled by default. Therefore, database queries may be performed during view rendering. Explicitly configure spring.jpa.open-in-view to disable this warning
2020-06-28 12:36:35,229 INFO o.s.s.w.DefaultSecurityFilterChain [main] Creating filter chain: any request, [org.springframework.security.web.context.request.async.WebAsyncManagerIntegrationFilter@5bdb6ea8, org.springframework.security.web.context.SecurityContextPersistenceFilter@185a0811, org.springframework.security.web.header.HeaderWriterFilter@5a537a16, org.springframework.security.web.csrf.CsrfFilter@443253a6, org.springframework.security.web.authentication.logout.LogoutFilter@4f2d8175, org.springframework.security.web.authentication.UsernamePasswordAuthenticationFilter@3c116f26, org.springframework.security.web.authentication.ui.DefaultLoginPageGeneratingFilter@6c56fff, org.springframework.security.web.authentication.ui.DefaultLogoutPageGeneratingFilter@3e55eeb9, org.springframework.security.web.savedrequest.RequestCacheAwareFilter@e2f6a45, org.springframework.security.web.servletapi.SecurityContextHolderAwareRequestFilter@18f8e2e0, org.springframework.security.web.authentication.AnonymousAuthenticationFilter@44a13699, org.springframework.security.web.session.SessionManagementFilter@4ea43d4d, org.springframework.security.web.access.ExceptionTranslationFilter@5bccef9f, org.springframework.security.web.access.intercept.FilterSecurityInterceptor@1ab85862]
2020-06-28 12:36:36,232 INFO o.s.s.c.ExecutorConfigurationSupport [main] Initializing ExecutorService 'applicationTaskExecutor'
2020-06-28 12:36:38,497 INFO o.s.b.a.h.H2ConsoleAutoConfiguration [main] H2 console available at '/h2-console'. Database available at 'jdbc:h2:mem:mydbtest'
2020-06-28 12:36:38,697 INFO o.s.m.w.MockServletContext [main] Initializing Spring TestDispatcherServlet ''
2020-06-28 12:36:38,697 INFO o.s.w.s.FrameworkServlet [main] Initializing Servlet ''
2020-06-28 12:36:38,728 INFO o.s.w.s.FrameworkServlet [main] Completed initialization in 30 ms
2020-06-28 12:36:38,873 INFO o.s.b.StartupInfoLogger [main] Started BidlistControllerIntgTest in 11.122 seconds (JVM running for 14.611)
2020-06-28 12:36:39,957 INFO c.o.p.c.BidListController [main] bidList deleted
2020-06-28 12:36:40,182 INFO c.o.p.c.BidListController [main] bidList updated
2020-06-28 12:36:40,245 INFO c.o.p.c.BidListController [main] bidList displayed
2020-06-28 12:36:41,393 INFO o.s.s.c.ExecutorConfigurationSupport [SpringContextShutdownHook] Shutting down ExecutorService 'applicationTaskExecutor'
2020-06-28 12:36:41,412 INFO o.s.o.j.AbstractEntityManagerFactoryBean [SpringContextShutdownHook] Closing JPA EntityManagerFactory for persistence unit 'default'
2020-06-28 12:36:41,413 INFO o.h.t.s.i.SchemaDropperImpl$DelayedDropActionImpl [SpringContextShutdownHook] HHH000477: Starting delayed evictData of schema as part of SessionFactory shut-down'
2020-06-28 12:36:41,466 INFO c.z.h.HikariDataSource [SpringContextShutdownHook] HikariPool-1 - Shutdown initiated...
2020-06-28 12:36:41,500 INFO c.z.h.HikariDataSource [SpringContextShutdownHook] HikariPool-1 - Shutdown completed.
2020-06-28 12:40:50,962 INFO c.o.p.c.BidListController [http-nio-8045-exec-6] bidList get for update
2020-06-28 12:40:53,542 INFO c.o.p.c.BidListController [http-nio-8045-exec-8] bidList displayed
2020-06-28 12:54:25,062 INFO o.s.s.c.ExecutorConfigurationSupport [Thread-5] Shutting down ExecutorService 'applicationTaskExecutor'
2020-06-28 12:54:25,067 INFO o.s.o.j.AbstractEntityManagerFactoryBean [Thread-5] Closing JPA EntityManagerFactory for persistence unit 'default'
2020-06-28 12:54:25,073 INFO c.z.h.HikariDataSource [Thread-5] HikariPool-1 - Shutdown initiated...
2020-06-28 12:54:25,093 INFO c.z.h.HikariDataSource [Thread-5] HikariPool-1 - Shutdown completed.
2020-06-28 12:54:25,692 INFO o.s.b.StartupInfoLogger [restartedMain] Starting PoseidonApplication on PO480126VW7JAV with PID 5488 (C:\Users\S063912\git\p7_ocr\target\classes started by S063912 in C:\Users\S063912\git\p7_ocr)
2020-06-28 12:54:25,694 INFO o.s.b.SpringApplication [restartedMain] No active profile set, falling back to default profiles: default
2020-06-28 12:54:26,379 INFO o.s.d.r.c.RepositoryConfigurationDelegate [restartedMain] Bootstrapping Spring Data JPA repositories in DEFAULT mode.
2020-06-28 12:54:26,455 INFO o.s.d.r.c.RepositoryConfigurationDelegate [restartedMain] Finished Spring Data repository scanning in 77ms. Found 6 JPA repository interfaces.
2020-06-28 12:54:26,563 INFO c.u.j.c.EnableEncryptablePropertiesBeanFactoryPostProcessor [restartedMain] Post-processing PropertySource instances
2020-06-28 12:54:26,578 INFO c.u.j.EncryptablePropertySourceConverter [restartedMain] Converting PropertySource configurationProperties [org.springframework.boot.context.properties.source.ConfigurationPropertySourcesPropertySource] to AOP Proxy
2020-06-28 12:54:26,579 INFO c.u.j.EncryptablePropertySourceConverter [restartedMain] Converting PropertySource servletConfigInitParams [org.springframework.core.env.PropertySource$StubPropertySource] to EncryptablePropertySourceWrapper
2020-06-28 12:54:26,579 INFO c.u.j.EncryptablePropertySourceConverter [restartedMain] Converting PropertySource servletContextInitParams [org.springframework.core.env.PropertySource$StubPropertySource] to EncryptablePropertySourceWrapper
2020-06-28 12:54:26,579 INFO c.u.j.EncryptablePropertySourceConverter [restartedMain] Converting PropertySource systemProperties [org.springframework.core.env.PropertiesPropertySource] to EncryptableMapPropertySourceWrapper
2020-06-28 12:54:26,579 INFO c.u.j.EncryptablePropertySourceConverter [restartedMain] Converting PropertySource systemEnvironment [org.springframework.boot.env.SystemEnvironmentPropertySourceEnvironmentPostProcessor$OriginAwareSystemEnvironmentPropertySource] to EncryptableSystemEnvironmentPropertySourceWrapper
2020-06-28 12:54:26,580 INFO c.u.j.EncryptablePropertySourceConverter [restartedMain] Converting PropertySource random [org.springframework.boot.env.RandomValuePropertySource] to EncryptablePropertySourceWrapper
2020-06-28 12:54:26,581 INFO c.u.j.EncryptablePropertySourceConverter [restartedMain] Converting PropertySource applicationConfig: [classpath:/application.properties] [org.springframework.boot.env.OriginTrackedMapPropertySource] to EncryptableMapPropertySourceWrapper
2020-06-28 12:54:26,581 INFO c.u.j.EncryptablePropertySourceConverter [restartedMain] Converting PropertySource devtools [org.springframework.core.env.MapPropertySource] to EncryptableMapPropertySourceWrapper
2020-06-28 12:54:26,599 INFO c.u.j.f.DefaultLazyPropertyFilter [restartedMain] Property Filter custom Bean not found with name 'encryptablePropertyFilter'. Initializing Default Property Filter
2020-06-28 12:54:26,617 INFO o.s.c.s.PostProcessorRegistrationDelegate$BeanPostProcessorChecker [restartedMain] Bean 'org.springframework.security.config.annotation.configuration.ObjectPostProcessorConfiguration' of type [org.springframework.security.config.annotation.configuration.ObjectPostProcessorConfiguration] is not eligible for getting processed by all BeanPostProcessors (for example: not eligible for auto-proxying)
2020-06-28 12:54:26,619 INFO o.s.c.s.PostProcessorRegistrationDelegate$BeanPostProcessorChecker [restartedMain] Bean 'objectPostProcessor' of type [org.springframework.security.config.annotation.configuration.AutowireBeanFactoryObjectPostProcessor] is not eligible for getting processed by all BeanPostProcessors (for example: not eligible for auto-proxying)
2020-06-28 12:54:26,619 INFO o.s.c.s.PostProcessorRegistrationDelegate$BeanPostProcessorChecker [restartedMain] Bean 'org.springframework.security.access.expression.method.DefaultMethodSecurityExpressionHandler@2d67d61c' of type [org.springframework.security.access.expression.method.DefaultMethodSecurityExpressionHandler] is not eligible for getting processed by all BeanPostProcessors (for example: not eligible for auto-proxying)
2020-06-28 12:54:26,622 INFO o.s.c.s.PostProcessorRegistrationDelegate$BeanPostProcessorChecker [restartedMain] Bean 'org.springframework.security.config.annotation.method.configuration.GlobalMethodSecurityConfiguration' of type [org.springframework.security.config.annotation.method.configuration.GlobalMethodSecurityConfiguration] is not eligible for getting processed by all BeanPostProcessors (for example: not eligible for auto-proxying)
2020-06-28 12:54:26,623 INFO o.s.c.s.PostProcessorRegistrationDelegate$BeanPostProcessorChecker [restartedMain] Bean 'methodSecurityMetadataSource' of type [org.springframework.security.access.method.DelegatingMethodSecurityMetadataSource] is not eligible for getting processed by all BeanPostProcessors (for example: not eligible for auto-proxying)
2020-06-28 12:54:26,650 INFO c.u.j.r.DefaultLazyPropertyResolver [restartedMain] Property Resolver custom Bean not found with name 'encryptablePropertyResolver'. Initializing Default Property Resolver
2020-06-28 12:54:26,650 INFO c.u.j.d.DefaultLazyPropertyDetector [restartedMain] Property Detector custom Bean not found with name 'encryptablePropertyDetector'. Initializing Default Property Detector
2020-06-28 12:54:27,232 INFO o.s.b.w.e.t.TomcatWebServer [restartedMain] Tomcat initialized with port(s): 8045 (http)
2020-06-28 12:54:27,235 INFO o.a.j.l.DirectJDKLog [restartedMain] Initializing ProtocolHandler ["http-nio-8045"]
2020-06-28 12:54:27,235 INFO o.a.j.l.DirectJDKLog [restartedMain] Starting service [Tomcat]
2020-06-28 12:54:27,237 INFO o.a.j.l.DirectJDKLog [restartedMain] Starting Servlet engine: [Apache Tomcat/9.0.31]
2020-06-28 12:54:27,476 INFO o.a.j.l.DirectJDKLog [restartedMain] Initializing Spring embedded WebApplicationContext
2020-06-28 12:54:27,477 INFO o.s.b.w.s.c.ServletWebServerApplicationContext [restartedMain] Root WebApplicationContext: initialization completed in 1778 ms
2020-06-28 12:54:27,532 INFO c.u.j.e.DefaultLazyEncryptor [restartedMain] String Encryptor custom Bean not found with name 'jasyptStringEncryptor'. Initializing Default String Encryptor
2020-06-28 12:54:27,533 INFO c.u.j.e.DefaultLazyEncryptor [restartedMain] Encryptor config not found for property jasypt.encryptor.key-obtention-iterations, using default value: 1000
2020-06-28 12:54:27,534 INFO c.u.j.e.DefaultLazyEncryptor [restartedMain] Encryptor config not found for property jasypt.encryptor.pool-size, using default value: 1
2020-06-28 12:54:27,534 INFO c.u.j.e.DefaultLazyEncryptor [restartedMain] Encryptor config not found for property jasypt.encryptor.provider-name, using default value: null
2020-06-28 12:54:27,535 INFO c.u.j.e.DefaultLazyEncryptor [restartedMain] Encryptor config not found for property jasypt.encryptor.provider-class-name, using default value: null
2020-06-28 12:54:27,536 INFO c.u.j.e.DefaultLazyEncryptor [restartedMain] Encryptor config not found for property jasypt.encryptor.salt-generator-classname, using default value: org.jasypt.salt.RandomSaltGenerator
2020-06-28 12:54:27,538 INFO c.u.j.e.DefaultLazyEncryptor [restartedMain] Encryptor config not found for property jasypt.encryptor.iv-generator-classname, using default value: org.jasypt.iv.NoIvGenerator
2020-06-28 12:54:27,595 INFO c.z.h.HikariDataSource [restartedMain] HikariPool-2 - Starting...
2020-06-28 12:54:27,642 INFO c.z.h.HikariDataSource [restartedMain] HikariPool-2 - Start completed.
2020-06-28 12:54:27,643 INFO o.s.b.a.h.H2ConsoleAutoConfiguration [restartedMain] H2 console available at '/h2-console'. Database available at 'jdbc:mysql://localhost:3306/testp7?zeroDateTimeBehavior=CONVERT_TO_NULL&serverTimezone=Europe/Paris'
2020-06-28 12:54:27,797 INFO o.h.j.i.u.LogHelper [restartedMain] HHH000204: Processing PersistenceUnitInfo [name: default]
2020-06-28 12:54:27,850 INFO o.h.d.Dialect [restartedMain] HHH000400: Using dialect: org.hibernate.dialect.MySQL8Dialect
2020-06-28 12:54:28,154 INFO o.h.e.t.j.p.i.JtaPlatformInitiator [restartedMain] HHH000490: Using JtaPlatform implementation: [org.hibernate.engine.transaction.jta.platform.internal.NoJtaPlatform]
2020-06-28 12:54:28,155 INFO o.s.o.j.AbstractEntityManagerFactoryBean [restartedMain] Initialized JPA EntityManagerFactory for persistence unit 'default'
2020-06-28 12:54:28,164 INFO o.s.b.d.a.OptionalLiveReloadServer [restartedMain] LiveReload server is running on port 35729
2020-06-28 12:54:28,216 WARN o.s.b.a.o.j.JpaBaseConfiguration$JpaWebConfiguration [restartedMain] spring.jpa.open-in-view is enabled by default. Therefore, database queries may be performed during view rendering. Explicitly configure spring.jpa.open-in-view to disable this warning
2020-06-28 12:54:28,693 INFO o.s.s.w.DefaultSecurityFilterChain [restartedMain] Creating filter chain: any request, [org.springframework.security.web.context.request.async.WebAsyncManagerIntegrationFilter@1201e0f5, org.springframework.security.web.context.SecurityContextPersistenceFilter@10df1313, org.springframework.security.web.header.HeaderWriterFilter@2d54f870, org.springframework.security.web.csrf.CsrfFilter@7861572a, org.springframework.security.web.authentication.logout.LogoutFilter@1c471ba2, org.springframework.security.web.authentication.UsernamePasswordAuthenticationFilter@4fe21896, org.springframework.security.web.authentication.ui.DefaultLoginPageGeneratingFilter@1f910c6b, org.springframework.security.web.authentication.ui.DefaultLogoutPageGeneratingFilter@1e862768, org.springframework.security.web.savedrequest.RequestCacheAwareFilter@59b65490, org.springframework.security.web.servletapi.SecurityContextHolderAwareRequestFilter@53aba0ae, org.springframework.security.web.authentication.AnonymousAuthenticationFilter@4bab8b06, org.springframework.security.web.session.SessionManagementFilter@62f5d060, org.springframework.security.web.access.ExceptionTranslationFilter@11cb0d7d, org.springframework.security.web.access.intercept.FilterSecurityInterceptor@49839f69]
2020-06-28 12:54:28,829 INFO o.s.s.c.ExecutorConfigurationSupport [restartedMain] Initializing ExecutorService 'applicationTaskExecutor'
2020-06-28 12:54:29,192 INFO o.a.j.l.DirectJDKLog [restartedMain] Starting ProtocolHandler ["http-nio-8045"]
2020-06-28 12:54:29,201 INFO o.s.b.w.e.t.TomcatWebServer [restartedMain] Tomcat started on port(s): 8045 (http) with context path ''
2020-06-28 12:54:29,761 INFO o.s.b.w.e.t.TomcatWebServer [restartedMain] Tomcat initialized with port(s): 8046 (http)
2020-06-28 12:54:29,763 INFO o.a.j.l.DirectJDKLog [restartedMain] Initializing ProtocolHandler ["http-nio-8046"]
2020-06-28 12:54:29,764 INFO o.a.j.l.DirectJDKLog [restartedMain] Starting service [Tomcat]
2020-06-28 12:54:29,765 INFO o.a.j.l.DirectJDKLog [restartedMain] Starting Servlet engine: [Apache Tomcat/9.0.31]
