2020-06-28 12:54:30,005 INFO o.a.j.l.DirectJDKLog [restartedMain] Initializing Spring embedded WebApplicationContext
2020-06-28 12:54:30,006 INFO o.s.b.w.s.c.ServletWebServerApplicationContext [restartedMain] Root WebApplicationContext: initialization completed in 802 ms
2020-06-28 12:54:30,025 INFO o.s.b.a.e.w.EndpointLinksResolver [restartedMain] Exposing 2 endpoint(s) beneath base path '/actuator'
2020-06-28 12:54:30,074 INFO o.a.j.l.DirectJDKLog [restartedMain] Starting ProtocolHandler ["http-nio-8046"]
2020-06-28 12:54:30,081 INFO o.s.b.w.e.t.TomcatWebServer [restartedMain] Tomcat started on port(s): 8046 (http) with context path ''
2020-06-28 12:54:30,081 INFO o.s.b.StartupInfoLogger [restartedMain] Started PoseidonApplication in 4.406 seconds (JVM running for 1348.186)
2020-06-28 12:54:30,085 INFO o.s.b.d.a.ConditionEvaluationDeltaLoggingListener [restartedMain] Condition evaluation unchanged
2020-06-28 12:54:30,146 INFO o.s.t.c.s.AbstractTestContextBootstrapper [main] Neither @ContextConfiguration nor @ContextHierarchy found for test class [com.ocr.poseidon.controllers.BidlistControllerIntgTest], using SpringBootContextLoader
2020-06-28 12:54:30,170 INFO o.s.t.c.s.AbstractContextLoader [main] Could not detect default resource locations for test class [com.ocr.poseidon.controllers.BidlistControllerIntgTest]: no resource found for suffixes {-context.xml, Context.groovy}.
2020-06-28 12:54:30,172 INFO o.s.t.c.s.AnnotationConfigContextLoaderUtils [main] Could not detect default configuration classes for test class [com.ocr.poseidon.controllers.BidlistControllerIntgTest]: BidlistControllerIntgTest does not declare any static, non-private, non-final, nested classes annotated with @Configuration.
2020-06-28 12:54:30,469 INFO o.s.b.t.c.SpringBootTestContextBootstrapper [main] Found @SpringBootConfiguration com.ocr.poseidon.PoseidonApplication for test class com.ocr.poseidon.controllers.BidlistControllerIntgTest
2020-06-28 12:54:30,605 INFO o.s.t.c.s.AbstractTestContextBootstrapper [main] Loaded default TestExecutionListener class names from location [META-INF/spring.factories]: [org.springframework.boot.test.mock.mockito.MockitoTestExecutionListener, org.springframework.boot.test.mock.mockito.ResetMocksTestExecutionListener, org.springframework.boot.test.autoconfigure.restdocs.RestDocsTestExecutionListener, org.springframework.boot.test.autoconfigure.web.client.MockRestServiceServerResetTestExecutionListener, org.springframework.boot.test.autoconfigure.web.servlet.MockMvcPrintOnlyOnFailureTestExecutionListener, org.springframework.boot.test.autoconfigure.web.servlet.WebDriverTestExecutionListener, org.springframework.test.context.web.ServletTestExecutionListener, org.springframework.test.context.support.DirtiesContextBeforeModesTestExecutionListener, org.springframework.test.context.support.DependencyInjectionTestExecutionListener, org.springframework.test.context.support.DirtiesContextTestExecutionListener, org.springframework.test.context.transaction.TransactionalTestExecutionListener, org.springframework.test.context.jdbc.SqlScriptsTestExecutionListener, org.springframework.test.context.event.EventPublishingTestExecutionListener, org.springframework.security.test.context.support.WithSecurityContextTestExecutionListener, org.springframework.security.test.context.support.ReactorContextTestExecutionListener]
2020-06-28 12:54:30,646 INFO o.s.t.c.s.AbstractTestContextBootstrapper [main] Using TestExecutionListeners: [org.springframework.test.context.web.ServletTestExecutionListener@436bc36, org.springframework.test.context.support.DirtiesContextBeforeModesTestExecutionListener@5fe1ce85, org.springframework.boot.test.mock.mockito.MockitoTestExecutionListener@604c5de8, org.springframework.boot.test.autoconfigure.SpringBootDependencyInjectionTestExecutionListener@37091312, org.springframework.test.context.support.DirtiesContextTestExecutionListener@66fdec9, org.springframework.test.context.transaction.TransactionalTestExecutionListener@57abad67, org.springframework.test.context.jdbc.SqlScriptsTestExecutionListener@550a1967, org.springframework.test.context.event.EventPublishingTestExecutionListener@2a640157, org.springframework.security.test.context.support.WithSecurityContextTestExecutionListener@52851b44, org.springframework.security.test.context.support.ReactorContextTestExecutionListener@584f54e6, org.springframework.boot.test.mock.mockito.ResetMocksTestExecutionListener@5d8bafa9, org.springframework.boot.test.autoconfigure.restdocs.RestDocsTestExecutionListener@576f63f6, org.springframework.boot.test.autoconfigure.web.client.MockRestServiceServerResetTestExecutionListener@2dca0d64, org.springframework.boot.test.autoconfigure.web.servlet.MockMvcPrintOnlyOnFailureTestExecutionListener@f80945f, org.springframework.boot.test.autoconfigure.web.servlet.WebDriverTestExecutionListener@ff684e1]
2020-06-28 12:54:31,163 INFO o.s.b.StartupInfoLogger [main] Starting BidlistControllerIntgTest on PO480126VW7JAV with PID 4292 (started by S063912 in C:\Users\S063912\git\p7_ocr)
2020-06-28 12:54:31,169 INFO o.s.b.SpringApplication [main] No active profile set, falling back to default profiles: default
2020-06-28 12:54:33,076 INFO o.s.d.r.c.RepositoryConfigurationDelegate [main] Bootstrapping Spring Data JPA repositories in DEFAULT mode.
2020-06-28 12:54:33,238 INFO o.s.d.r.c.RepositoryConfigurationDelegate [main] Finished Spring Data repository scanning in 133ms. Found 6 JPA repository interfaces.
2020-06-28 12:54:33,637 INFO c.u.j.c.EnableEncryptablePropertiesBeanFactoryPostProcessor [main] Post-processing PropertySource instances
2020-06-28 12:54:33,711 INFO c.u.j.EncryptablePropertySourceConverter [main] Converting PropertySource Annotations [org.springframework.boot.test.autoconfigure.properties.AnnotationsPropertySource] to EncryptableEnumerablePropertySourceWrapper
2020-06-28 12:54:33,760 INFO c.u.j.EncryptablePropertySourceConverter [main] Converting PropertySource configurationProperties [org.springframework.boot.context.properties.source.ConfigurationPropertySourcesPropertySource] to AOP Proxy
2020-06-28 12:54:33,761 INFO c.u.j.EncryptablePropertySourceConverter [main] Converting PropertySource Inlined Test Properties [org.springframework.core.env.MapPropertySource] to EncryptableMapPropertySourceWrapper
2020-06-28 12:54:33,761 INFO c.u.j.EncryptablePropertySourceConverter [main] Converting PropertySource systemProperties [org.springframework.core.env.PropertiesPropertySource] to EncryptableMapPropertySourceWrapper
2020-06-28 12:54:33,762 INFO c.u.j.EncryptablePropertySourceConverter [main] Converting PropertySource systemEnvironment [org.springframework.boot.env.SystemEnvironmentPropertySourceEnvironmentPostProcessor$OriginAwareSystemEnvironmentPropertySource] to EncryptableSystemEnvironmentPropertySourceWrapper
2020-06-28 12:54:33,762 INFO c.u.j.EncryptablePropertySourceConverter [main] Converting PropertySource random [org.springframework.boot.env.RandomValuePropertySource] to EncryptablePropertySourceWrapper
2020-06-28 12:54:33,763 INFO c.u.j.EncryptablePropertySourceConverter [main] Converting PropertySource applicationConfig: [classpath:/application.properties] [org.springframework.boot.env.OriginTrackedMapPropertySource] to EncryptableMapPropertySourceWrapper
2020-06-28 12:54:34,020 INFO c.u.j.f.DefaultLazyPropertyFilter [main] Property Filter custom Bean not found with name 'encryptablePropertyFilter'. Initializing Default Property Filter
2020-06-28 12:54:34,166 INFO o.s.c.s.PostProcessorRegistrationDelegate$BeanPostProcessorChecker [main] Bean 'org.springframework.security.config.annotation.configuration.ObjectPostProcessorConfiguration' of type [org.springframework.security.config.annotation.configuration.ObjectPostProcessorConfiguration] is not eligible for getting processed by all BeanPostProcessors (for example: not eligible for auto-proxying)
2020-06-28 12:54:34,178 INFO o.s.c.s.PostProcessorRegistrationDelegate$BeanPostProcessorChecker [main] Bean 'objectPostProcessor' of type [org.springframework.security.config.annotation.configuration.AutowireBeanFactoryObjectPostProcessor] is not eligible for getting processed by all BeanPostProcessors (for example: not eligible for auto-proxying)
2020-06-28 12:54:34,182 INFO o.s.c.s.PostProcessorRegistrationDelegate$BeanPostProcessorChecker [main] Bean 'org.springframework.security.access.expression.method.DefaultMethodSecurityExpressionHandler@40c2ce52' of type [org.springframework.security.access.expression.method.DefaultMethodSecurityExpressionHandler] is not eligible for getting processed by all BeanPostProcessors (for example: not eligible for auto-proxying)
2020-06-28 12:54:34,196 INFO o.s.c.s.PostProcessorRegistrationDelegate$BeanPostProcessorChecker [main] Bean 'org.springframework.security.config.annotation.method.configuration.GlobalMethodSecurityConfiguration' of type [org.springframework.security.config.annotation.method.configuration.GlobalMethodSecurityConfiguration] is not eligible for getting processed by all BeanPostProcessors (for example: not eligible for auto-proxying)
2020-06-28 12:54:34,210 INFO o.s.c.s.PostProcessorRegistrationDelegate$BeanPostProcessorChecker [main] Bean 'methodSecurityMetadataSource' of type [org.springframework.security.access.method.DelegatingMethodSecurityMetadataSource] is not eligible for getting processed by all BeanPostProcessors (for example: not eligible for auto-proxying)
2020-06-28 12:54:34,341 INFO c.u.j.r.DefaultLazyPropertyResolver [main] Property Resolver custom Bean not found with name 'encryptablePropertyResolver'. Initializing Default Property Resolver
2020-06-28 12:54:34,346 INFO c.u.j.d.DefaultLazyPropertyDetector [main] Property Detector custom Bean not found with name 'encryptablePropertyDetector'. Initializing Default Property Detector
2020-06-28 12:54:34,632 INFO o.h.j.i.u.LogHelper [main] HHH000204: Processing PersistenceUnitInfo [name: default]
2020-06-28 12:54:34,764 INFO o.h.Version [main] HHH000412: Hibernate ORM core version 5.4.12.Final
2020-06-28 12:54:35,014 INFO o.h.a.c.r.j.JavaReflectionManager [main] HCANN000001: Hibernate Commons Annotations {5.1.0.Final}
2020-06-28 12:54:35,218 INFO c.z.h.HikariDataSource [main] HikariPool-1 - Starting...
2020-06-28 12:54:35,569 INFO c.z.h.HikariDataSource [main] HikariPool-1 - Start completed.
2020-06-28 12:54:35,611 INFO o.h.d.Dialect [main] HHH000400: Using dialect: org.hibernate.dialect.H2Dialect
2020-06-28 12:54:37,169 INFO o.h.e.t.j.p.i.JtaPlatformInitiator [main] HHH000490: Using JtaPlatform implementation: [org.hibernate.engine.transaction.jta.platform.internal.NoJtaPlatform]
2020-06-28 12:54:37,181 INFO o.s.o.j.AbstractEntityManagerFactoryBean [main] Initialized JPA EntityManagerFactory for persistence unit 'default'
2020-06-28 12:54:37,300 WARN o.s.b.a.o.j.JpaBaseConfiguration$JpaWebConfiguration [main] spring.jpa.open-in-view is enabled by default. Therefore, database queries may be performed during view rendering. Explicitly configure spring.jpa.open-in-view to disable this warning
2020-06-28 12:54:38,741 INFO o.s.s.w.DefaultSecurityFilterChain [main] Creating filter chain: any request, [org.springframework.security.web.context.request.async.WebAsyncManagerIntegrationFilter@5bdb6ea8, org.springframework.security.web.context.SecurityContextPersistenceFilter@185a0811, org.springframework.security.web.header.HeaderWriterFilter@5a537a16, org.springframework.security.web.csrf.CsrfFilter@443253a6, org.springframework.security.web.authentication.logout.LogoutFilter@4f2d8175, org.springframework.security.web.authentication.UsernamePasswordAuthenticationFilter@3c116f26, org.springframework.security.web.authentication.ui.DefaultLoginPageGeneratingFilter@6c56fff, org.springframework.security.web.authentication.ui.DefaultLogoutPageGeneratingFilter@3e55eeb9, org.springframework.security.web.savedrequest.RequestCacheAwareFilter@e2f6a45, org.springframework.security.web.servletapi.SecurityContextHolderAwareRequestFilter@18f8e2e0, org.springframework.security.web.authentication.AnonymousAuthenticationFilter@44a13699, org.springframework.security.web.session.SessionManagementFilter@4ea43d4d, org.springframework.security.web.access.ExceptionTranslationFilter@5bccef9f, org.springframework.security.web.access.intercept.FilterSecurityInterceptor@1ab85862]
2020-06-28 12:54:39,446 INFO o.s.s.c.ExecutorConfigurationSupport [main] Initializing ExecutorService 'applicationTaskExecutor'
2020-06-28 12:54:41,047 INFO o.s.b.a.h.H2ConsoleAutoConfiguration [main] H2 console available at '/h2-console'. Database available at 'jdbc:h2:mem:mydbtest'
2020-06-28 12:54:41,193 INFO o.s.m.w.MockServletContext [main] Initializing Spring TestDispatcherServlet ''
2020-06-28 12:54:41,193 INFO o.s.w.s.FrameworkServlet [main] Initializing Servlet ''
2020-06-28 12:54:41,212 INFO o.s.w.s.FrameworkServlet [main] Completed initialization in 19 ms
2020-06-28 12:54:41,260 INFO o.s.b.StartupInfoLogger [main] Started BidlistControllerIntgTest in 9.786 seconds (JVM running for 14.181)
2020-06-28 12:54:41,927 INFO c.o.p.c.BidListController [main] bidList deleted
2020-06-28 12:54:42,070 INFO c.o.p.c.BidListController [main] bidList updated
2020-06-28 12:54:42,095 INFO c.o.p.c.BidListController [main] bidList displayed
2020-06-28 12:54:42,925 INFO o.s.s.c.ExecutorConfigurationSupport [SpringContextShutdownHook] Shutting down ExecutorService 'applicationTaskExecutor'
2020-06-28 12:54:42,937 INFO o.s.o.j.AbstractEntityManagerFactoryBean [SpringContextShutdownHook] Closing JPA EntityManagerFactory for persistence unit 'default'
2020-06-28 12:54:42,937 INFO o.h.t.s.i.SchemaDropperImpl$DelayedDropActionImpl [SpringContextShutdownHook] HHH000477: Starting delayed evictData of schema as part of SessionFactory shut-down'
2020-06-28 12:54:42,957 INFO c.z.h.HikariDataSource [SpringContextShutdownHook] HikariPool-1 - Shutdown initiated...
2020-06-28 12:54:42,970 INFO c.z.h.HikariDataSource [SpringContextShutdownHook] HikariPool-1 - Shutdown completed.
